{"/home/nathan/repos/nq/nq-frontend/app/App.tsx": {"path":"/home/nathan/repos/nq/nq-frontend/app/App.tsx","statementMap":{"0":{"start":{"line":4,"column":2},"end":{"line":4,"column":37}}},"fnMap":{"0":{"name":"App","decl":{"start":{"line":3,"column":24},"end":{"line":3,"column":27}},"loc":{"start":{"line":3,"column":30},"end":{"line":5,"column":1}},"line":3}},"branchMap":{},"s":{"0":0},"f":{"0":0},"b":{}}
,"/home/nathan/repos/nq/nq-frontend/app/_layout.tsx": {"path":"/home/nathan/repos/nq/nq-frontend/app/_layout.tsx","statementMap":{"0":{"start":{"line":10,"column":21},"end":{"line":10,"column":31}},"1":{"start":{"line":11,"column":2},"end":{"line":18,"column":4}},"2":{"start":{"line":22,"column":2},"end":{"line":34,"column":4}}},"fnMap":{"0":{"name":"ThemedSafeAreaView","decl":{"start":{"line":9,"column":9},"end":{"line":9,"column":27}},"loc":{"start":{"line":9,"column":73},"end":{"line":19,"column":1}},"line":9},"1":{"name":"RootLayout","decl":{"start":{"line":21,"column":24},"end":{"line":21,"column":34}},"loc":{"start":{"line":21,"column":37},"end":{"line":35,"column":1}},"line":21}},"branchMap":{},"s":{"0":0,"1":0,"2":0},"f":{"0":0,"1":0},"b":{}}
,"/home/nathan/repos/nq/nq-frontend/app/auth.tsx": {"path":"/home/nathan/repos/nq/nq-frontend/app/auth.tsx","statementMap":{"0":{"start":{"line":8,"column":20},"end":{"line":8,"column":29}},"1":{"start":{"line":9,"column":21},"end":{"line":9,"column":31}},"2":{"start":{"line":11,"column":22},"end":{"line":13,"column":3}},"3":{"start":{"line":12,"column":4},"end":{"line":12,"column":18}},"4":{"start":{"line":15,"column":2},"end":{"line":19,"column":4}},"5":{"start":{"line":22,"column":15},"end":{"line":26,"column":2}}},"fnMap":{"0":{"name":"AuthPage","decl":{"start":{"line":7,"column":24},"end":{"line":7,"column":32}},"loc":{"start":{"line":7,"column":35},"end":{"line":20,"column":1}},"line":7},"1":{"name":"(anonymous_1)","decl":{"start":{"line":11,"column":22},"end":{"line":11,"column":23}},"loc":{"start":{"line":11,"column":34},"end":{"line":13,"column":3}},"line":11}},"branchMap":{},"s":{"0":0,"1":0,"2":0,"3":0,"4":0,"5":0},"f":{"0":0,"1":0},"b":{}}
,"/home/nathan/repos/nq/nq-frontend/app/index.tsx": {"path":"/home/nathan/repos/nq/nq-frontend/app/index.tsx","statementMap":{},"fnMap":{},"branchMap":{},"s":{},"f":{},"b":{}}
,"/home/nathan/repos/nq/nq-frontend/app/(tabs)/_layout.tsx": {"path":"/home/nathan/repos/nq/nq-frontend/app/(tabs)/_layout.tsx","statementMap":{"0":{"start":{"line":8,"column":21},"end":{"line":8,"column":31}},"1":{"start":{"line":9,"column":35},"end":{"line":9,"column":44}},"2":{"start":{"line":11,"column":2},"end":{"line":13,"column":3}},"3":{"start":{"line":12,"column":4},"end":{"line":12,"column":16}},"4":{"start":{"line":15,"column":2},"end":{"line":17,"column":3}},"5":{"start":{"line":16,"column":4},"end":{"line":16,"column":37}},"6":{"start":{"line":19,"column":2},"end":{"line":95,"column":4}},"7":{"start":{"line":50,"column":12},"end":{"line":50,"column":91}},"8":{"start":{"line":59,"column":12},"end":{"line":59,"column":91}},"9":{"start":{"line":68,"column":12},"end":{"line":72,"column":14}},"10":{"start":{"line":81,"column":12},"end":{"line":81,"column":95}},"11":{"start":{"line":90,"column":12},"end":{"line":90,"column":95}}},"fnMap":{"0":{"name":"TabLayout","decl":{"start":{"line":7,"column":24},"end":{"line":7,"column":33}},"loc":{"start":{"line":7,"column":36},"end":{"line":96,"column":1}},"line":7},"1":{"name":"(anonymous_1)","decl":{"start":{"line":49,"column":22},"end":{"line":49,"column":23}},"loc":{"start":{"line":50,"column":12},"end":{"line":50,"column":91}},"line":50},"2":{"name":"(anonymous_2)","decl":{"start":{"line":58,"column":22},"end":{"line":58,"column":23}},"loc":{"start":{"line":59,"column":12},"end":{"line":59,"column":91}},"line":59},"3":{"name":"(anonymous_3)","decl":{"start":{"line":67,"column":22},"end":{"line":67,"column":23}},"loc":{"start":{"line":68,"column":12},"end":{"line":72,"column":14}},"line":68},"4":{"name":"(anonymous_4)","decl":{"start":{"line":80,"column":22},"end":{"line":80,"column":23}},"loc":{"start":{"line":81,"column":12},"end":{"line":81,"column":95}},"line":81},"5":{"name":"(anonymous_5)","decl":{"start":{"line":89,"column":22},"end":{"line":89,"column":23}},"loc":{"start":{"line":90,"column":12},"end":{"line":90,"column":95}},"line":90}},"branchMap":{"0":{"loc":{"start":{"line":11,"column":2},"end":{"line":13,"column":3}},"type":"if","locations":[{"start":{"line":11,"column":2},"end":{"line":13,"column":3}},{"start":{},"end":{}}],"line":11},"1":{"loc":{"start":{"line":15,"column":2},"end":{"line":17,"column":3}},"type":"if","locations":[{"start":{"line":15,"column":2},"end":{"line":17,"column":3}},{"start":{},"end":{}}],"line":15},"2":{"loc":{"start":{"line":50,"column":28},"end":{"line":50,"column":61}},"type":"cond-expr","locations":[{"start":{"line":50,"column":38},"end":{"line":50,"column":44}},{"start":{"line":50,"column":47},"end":{"line":50,"column":61}}],"line":50},"3":{"loc":{"start":{"line":59,"column":28},"end":{"line":59,"column":61}},"type":"cond-expr","locations":[{"start":{"line":59,"column":38},"end":{"line":59,"column":44}},{"start":{"line":59,"column":47},"end":{"line":59,"column":61}}],"line":59},"4":{"loc":{"start":{"line":69,"column":20},"end":{"line":69,"column":65}},"type":"cond-expr","locations":[{"start":{"line":69,"column":30},"end":{"line":69,"column":42}},{"start":{"line":69,"column":45},"end":{"line":69,"column":65}}],"line":69},"5":{"loc":{"start":{"line":81,"column":28},"end":{"line":81,"column":65}},"type":"cond-expr","locations":[{"start":{"line":81,"column":38},"end":{"line":81,"column":46}},{"start":{"line":81,"column":49},"end":{"line":81,"column":65}}],"line":81},"6":{"loc":{"start":{"line":90,"column":28},"end":{"line":90,"column":65}},"type":"cond-expr","locations":[{"start":{"line":90,"column":38},"end":{"line":90,"column":46}},{"start":{"line":90,"column":49},"end":{"line":90,"column":65}}],"line":90}},"s":{"0":0,"1":0,"2":0,"3":0,"4":0,"5":0,"6":0,"7":0,"8":0,"9":0,"10":0,"11":0},"f":{"0":0,"1":0,"2":0,"3":0,"4":0,"5":0},"b":{"0":[0,0],"1":[0,0],"2":[0,0],"3":[0,0],"4":[0,0],"5":[0,0],"6":[0,0]}}
,"/home/nathan/repos/nq/nq-frontend/app/(tabs)/account.tsx": {"path":"/home/nathan/repos/nq/nq-frontend/app/(tabs)/account.tsx","statementMap":{},"fnMap":{},"branchMap":{},"s":{},"f":{},"b":{}}
,"/home/nathan/repos/nq/nq-frontend/app/(tabs)/add.tsx": {"path":"/home/nathan/repos/nq/nq-frontend/app/(tabs)/add.tsx","statementMap":{"0":{"start":{"line":12,"column":23},"end":{"line":12,"column":40}},"1":{"start":{"line":13,"column":23},"end":{"line":13,"column":32}},"2":{"start":{"line":14,"column":44},"end":{"line":14,"column":65}},"3":{"start":{"line":16,"column":25},"end":{"line":44,"column":3}},"4":{"start":{"line":17,"column":4},"end":{"line":17,"column":27}},"5":{"start":{"line":18,"column":4},"end":{"line":43,"column":5}},"6":{"start":{"line":19,"column":21},"end":{"line":19,"column":48}},"7":{"start":{"line":20,"column":6},"end":{"line":29,"column":7}},"8":{"start":{"line":21,"column":8},"end":{"line":24,"column":11}},"9":{"start":{"line":25,"column":8},"end":{"line":28,"column":11}},"10":{"start":{"line":30,"column":42},"end":{"line":32,"column":7}},"11":{"start":{"line":33,"column":6},"end":{"line":37,"column":7}},"12":{"start":{"line":34,"column":8},"end":{"line":36,"column":10}},"13":{"start":{"line":38,"column":6},"end":{"line":38,"column":50}},"14":{"start":{"line":38,"column":39},"end":{"line":38,"column":48}},"15":{"start":{"line":40,"column":6},"end":{"line":40,"column":51}},"16":{"start":{"line":42,"column":6},"end":{"line":42,"column":30}},"17":{"start":{"line":46,"column":2},"end":{"line":46,"column":98}}},"fnMap":{"0":{"name":"AddTabPage","decl":{"start":{"line":11,"column":24},"end":{"line":11,"column":34}},"loc":{"start":{"line":11,"column":37},"end":{"line":47,"column":1}},"line":11},"1":{"name":"(anonymous_1)","decl":{"start":{"line":16,"column":25},"end":{"line":16,"column":26}},"loc":{"start":{"line":16,"column":64},"end":{"line":44,"column":3}},"line":16},"2":{"name":"(anonymous_2)","decl":{"start":{"line":38,"column":33},"end":{"line":38,"column":34}},"loc":{"start":{"line":38,"column":39},"end":{"line":38,"column":48}},"line":38},"3":{"name":"(anonymous_3)","decl":{"start":{"line":46,"column":31},"end":{"line":46,"column":32}},"loc":{"start":{"line":46,"column":37},"end":{"line":46,"column":39}},"line":46}},"branchMap":{"0":{"loc":{"start":{"line":20,"column":6},"end":{"line":29,"column":7}},"type":"if","locations":[{"start":{"line":20,"column":6},"end":{"line":29,"column":7}},{"start":{},"end":{}}],"line":20},"1":{"loc":{"start":{"line":33,"column":6},"end":{"line":37,"column":7}},"type":"if","locations":[{"start":{"line":33,"column":6},"end":{"line":37,"column":7}},{"start":{},"end":{}}],"line":33}},"s":{"0":0,"1":0,"2":0,"3":0,"4":0,"5":0,"6":0,"7":0,"8":0,"9":0,"10":0,"11":0,"12":0,"13":0,"14":0,"15":0,"16":0,"17":0},"f":{"0":0,"1":0,"2":0,"3":0},"b":{"0":[0,0],"1":[0,0]}}
,"/home/nathan/repos/nq/nq-frontend/app/(tabs)/friends.tsx": {"path":"/home/nathan/repos/nq/nq-frontend/app/(tabs)/friends.tsx","statementMap":{},"fnMap":{},"branchMap":{},"s":{},"f":{},"b":{}}
,"/home/nathan/repos/nq/nq-frontend/app/(tabs)/history.tsx": {"path":"/home/nathan/repos/nq/nq-frontend/app/(tabs)/history.tsx","statementMap":{},"fnMap":{},"branchMap":{},"s":{},"f":{},"b":{}}
,"/home/nathan/repos/nq/nq-frontend/app/(tabs)/index.tsx": {"path":"/home/nathan/repos/nq/nq-frontend/app/(tabs)/index.tsx","statementMap":{},"fnMap":{},"branchMap":{},"s":{},"f":{},"b":{}}
,"/home/nathan/repos/nq/nq-frontend/app/media/[id].tsx": {"path":"/home/nathan/repos/nq/nq-frontend/app/media/[id].tsx","statementMap":{"0":{"start":{"line":20,"column":20},"end":{"line":20,"column":25}},"1":{"start":{"line":23,"column":17},"end":{"line":23,"column":67}},"2":{"start":{"line":24,"column":21},"end":{"line":24,"column":31}},"3":{"start":{"line":25,"column":18},"end":{"line":25,"column":48}},"4":{"start":{"line":26,"column":38},"end":{"line":26,"column":62}},"5":{"start":{"line":27,"column":17},"end":{"line":27,"column":68}},"6":{"start":{"line":27,"column":37},"end":{"line":27,"column":57}},"7":{"start":{"line":28,"column":2},"end":{"line":32,"column":14}},"8":{"start":{"line":29,"column":4},"end":{"line":31,"column":5}},"9":{"start":{"line":30,"column":6},"end":{"line":30,"column":60}},"10":{"start":{"line":34,"column":4},"end":{"line":37,"column":16}},"11":{"start":{"line":34,"column":30},"end":{"line":34,"column":43}},"12":{"start":{"line":40,"column":2},"end":{"line":49,"column":3}},"13":{"start":{"line":41,"column":4},"end":{"line":48,"column":6}},"14":{"start":{"line":51,"column":2},"end":{"line":62,"column":3}},"15":{"start":{"line":52,"column":4},"end":{"line":61,"column":6}},"16":{"start":{"line":64,"column":17},"end":{"line":64,"column":44}},"17":{"start":{"line":65,"column":18},"end":{"line":65,"column":33}},"18":{"start":{"line":67,"column":2},"end":{"line":161,"column":4}},"19":{"start":{"line":94,"column":16},"end":{"line":96,"column":24}},"20":{"start":{"line":117,"column":14},"end":{"line":119,"column":21}},"21":{"start":{"line":122,"column":14},"end":{"line":124,"column":21}},"22":{"start":{"line":139,"column":34},"end":{"line":139,"column":49}},"23":{"start":{"line":142,"column":14},"end":{"line":155,"column":21}},"24":{"start":{"line":147,"column":33},"end":{"line":147,"column":98}},"25":{"start":{"line":164,"column":21},"end":{"line":300,"column":4}},"26":{"start":{"line":165,"column":2},"end":{"line":300,"column":4}}},"fnMap":{"0":{"name":"MediaDetailsPage","decl":{"start":{"line":22,"column":24},"end":{"line":22,"column":40}},"loc":{"start":{"line":22,"column":43},"end":{"line":162,"column":1}},"line":22},"1":{"name":"(anonymous_1)","decl":{"start":{"line":27,"column":31},"end":{"line":27,"column":32}},"loc":{"start":{"line":27,"column":37},"end":{"line":27,"column":57}},"line":27},"2":{"name":"(anonymous_2)","decl":{"start":{"line":28,"column":18},"end":{"line":28,"column":19}},"loc":{"start":{"line":28,"column":24},"end":{"line":32,"column":3}},"line":28},"3":{"name":"(anonymous_3)","decl":{"start":{"line":34,"column":24},"end":{"line":34,"column":25}},"loc":{"start":{"line":34,"column":30},"end":{"line":34,"column":43}},"line":34},"4":{"name":"(anonymous_4)","decl":{"start":{"line":93,"column":45},"end":{"line":93,"column":46}},"loc":{"start":{"line":94,"column":16},"end":{"line":96,"column":24}},"line":94},"5":{"name":"(anonymous_5)","decl":{"start":{"line":116,"column":24},"end":{"line":116,"column":25}},"loc":{"start":{"line":117,"column":14},"end":{"line":119,"column":21}},"line":117},"6":{"name":"(anonymous_6)","decl":{"start":{"line":121,"column":46},"end":{"line":121,"column":47}},"loc":{"start":{"line":122,"column":14},"end":{"line":124,"column":21}},"line":122},"7":{"name":"(anonymous_7)","decl":{"start":{"line":139,"column":26},"end":{"line":139,"column":27}},"loc":{"start":{"line":139,"column":34},"end":{"line":139,"column":49}},"line":139},"8":{"name":"(anonymous_8)","decl":{"start":{"line":141,"column":24},"end":{"line":141,"column":25}},"loc":{"start":{"line":142,"column":14},"end":{"line":155,"column":21}},"line":142},"9":{"name":"(anonymous_9)","decl":{"start":{"line":147,"column":27},"end":{"line":147,"column":28}},"loc":{"start":{"line":147,"column":33},"end":{"line":147,"column":98}},"line":147},"10":{"name":"(anonymous_10)","decl":{"start":{"line":164,"column":21},"end":{"line":164,"column":22}},"loc":{"start":{"line":165,"column":2},"end":{"line":300,"column":4}},"line":165}},"branchMap":{"0":{"loc":{"start":{"line":25,"column":18},"end":{"line":25,"column":48}},"type":"cond-expr","locations":[{"start":{"line":25,"column":38},"end":{"line":25,"column":43}},{"start":{"line":25,"column":46},"end":{"line":25,"column":48}}],"line":25},"1":{"loc":{"start":{"line":29,"column":4},"end":{"line":31,"column":5}},"type":"if","locations":[{"start":{"line":29,"column":4},"end":{"line":31,"column":5}},{"start":{},"end":{}}],"line":29},"2":{"loc":{"start":{"line":40,"column":2},"end":{"line":49,"column":3}},"type":"if","locations":[{"start":{"line":40,"column":2},"end":{"line":49,"column":3}},{"start":{},"end":{}}],"line":40},"3":{"loc":{"start":{"line":40,"column":6},"end":{"line":40,"column":25}},"type":"binary-expr","locations":[{"start":{"line":40,"column":6},"end":{"line":40,"column":13}},{"start":{"line":40,"column":17},"end":{"line":40,"column":25}}],"line":40},"4":{"loc":{"start":{"line":51,"column":2},"end":{"line":62,"column":3}},"type":"if","locations":[{"start":{"line":51,"column":2},"end":{"line":62,"column":3}},{"start":{},"end":{}}],"line":51},"5":{"loc":{"start":{"line":57,"column":13},"end":{"line":57,"column":96}},"type":"cond-expr","locations":[{"start":{"line":57,"column":21},"end":{"line":57,"column":58}},{"start":{"line":57,"column":61},"end":{"line":57,"column":96}}],"line":57},"6":{"loc":{"start":{"line":79,"column":13},"end":{"line":79,"column":96}},"type":"cond-expr","locations":[{"start":{"line":79,"column":32},"end":{"line":79,"column":89}},{"start":{"line":79,"column":92},"end":{"line":79,"column":96}}],"line":79},"7":{"loc":{"start":{"line":86,"column":11},"end":{"line":90,"column":18}},"type":"cond-expr","locations":[{"start":{"line":87,"column":12},"end":{"line":89,"column":19}},{"start":{"line":90,"column":14},"end":{"line":90,"column":18}}],"line":86},"8":{"loc":{"start":{"line":86,"column":11},"end":{"line":86,"column":49}},"type":"binary-expr","locations":[{"start":{"line":86,"column":11},"end":{"line":86,"column":28}},{"start":{"line":86,"column":32},"end":{"line":86,"column":49}}],"line":86},"9":{"loc":{"start":{"line":91,"column":11},"end":{"line":99,"column":18}},"type":"cond-expr","locations":[{"start":{"line":92,"column":12},"end":{"line":98,"column":19}},{"start":{"line":99,"column":14},"end":{"line":99,"column":18}}],"line":91},"10":{"loc":{"start":{"line":106,"column":11},"end":{"line":106,"column":65}},"type":"binary-expr","locations":[{"start":{"line":106,"column":11},"end":{"line":106,"column":30}},{"start":{"line":106,"column":34},"end":{"line":106,"column":65}}],"line":106},"11":{"loc":{"start":{"line":112,"column":9},"end":{"line":127,"column":9}},"type":"cond-expr","locations":[{"start":{"line":113,"column":10},"end":{"line":113,"column":75}},{"start":{"line":115,"column":10},"end":{"line":126,"column":17}}],"line":112},"12":{"loc":{"start":{"line":112,"column":9},"end":{"line":112,"column":61}},"type":"binary-expr","locations":[{"start":{"line":112,"column":9},"end":{"line":112,"column":28}},{"start":{"line":112,"column":32},"end":{"line":112,"column":61}}],"line":112},"13":{"loc":{"start":{"line":132,"column":9},"end":{"line":158,"column":9}},"type":"cond-expr","locations":[{"start":{"line":133,"column":10},"end":{"line":133,"column":69}},{"start":{"line":135,"column":10},"end":{"line":157,"column":12}}],"line":132}},"s":{"0":0,"1":0,"2":0,"3":0,"4":0,"5":0,"6":0,"7":0,"8":0,"9":0,"10":0,"11":0,"12":0,"13":0,"14":0,"15":0,"16":0,"17":0,"18":0,"19":0,"20":0,"21":0,"22":0,"23":0,"24":0,"25":0,"26":0},"f":{"0":0,"1":0,"2":0,"3":0,"4":0,"5":0,"6":0,"7":0,"8":0,"9":0,"10":0},"b":{"0":[0,0],"1":[0,0],"2":[0,0],"3":[0,0],"4":[0,0],"5":[0,0],"6":[0,0],"7":[0,0],"8":[0,0],"9":[0,0],"10":[0,0],"11":[0,0],"12":[0,0],"13":[0,0]}}
,"/home/nathan/repos/nq/nq-frontend/lib/AuthContext.tsx": {"path":"/home/nathan/repos/nq/nq-frontend/lib/AuthContext.tsx","statementMap":{"0":{"start":{"line":19,"column":20},"end":{"line":19,"column":73}},"1":{"start":{"line":22,"column":34},"end":{"line":22,"column":49}},"2":{"start":{"line":23,"column":38},"end":{"line":23,"column":52}},"3":{"start":{"line":25,"column":22},"end":{"line":29,"column":8}},"4":{"start":{"line":26,"column":18},"end":{"line":26,"column":40}},"5":{"start":{"line":27,"column":4},"end":{"line":27,"column":25}},"6":{"start":{"line":28,"column":4},"end":{"line":28,"column":25}},"7":{"start":{"line":31,"column":16},"end":{"line":34,"column":19}},"8":{"start":{"line":32,"column":4},"end":{"line":32,"column":27}},"9":{"start":{"line":33,"column":4},"end":{"line":33,"column":24}},"10":{"start":{"line":36,"column":17},"end":{"line":39,"column":8}},"11":{"start":{"line":37,"column":4},"end":{"line":37,"column":27}},"12":{"start":{"line":38,"column":4},"end":{"line":38,"column":23}},"13":{"start":{"line":41,"column":2},"end":{"line":43,"column":20}},"14":{"start":{"line":42,"column":4},"end":{"line":42,"column":18}},"15":{"start":{"line":45,"column":2},"end":{"line":49,"column":4}},"16":{"start":{"line":53,"column":18},"end":{"line":53,"column":41}},"17":{"start":{"line":54,"column":2},"end":{"line":56,"column":3}},"18":{"start":{"line":55,"column":4},"end":{"line":55,"column":67}},"19":{"start":{"line":57,"column":2},"end":{"line":57,"column":17}}},"fnMap":{"0":{"name":"AuthProvider","decl":{"start":{"line":21,"column":16},"end":{"line":21,"column":28}},"loc":{"start":{"line":21,"column":68},"end":{"line":50,"column":1}},"line":21},"1":{"name":"(anonymous_1)","decl":{"start":{"line":25,"column":34},"end":{"line":25,"column":35}},"loc":{"start":{"line":25,"column":46},"end":{"line":29,"column":3}},"line":25},"2":{"name":"(anonymous_2)","decl":{"start":{"line":31,"column":28},"end":{"line":31,"column":29}},"loc":{"start":{"line":31,"column":40},"end":{"line":34,"column":3}},"line":31},"3":{"name":"(anonymous_3)","decl":{"start":{"line":36,"column":29},"end":{"line":36,"column":30}},"loc":{"start":{"line":36,"column":41},"end":{"line":39,"column":3}},"line":36},"4":{"name":"(anonymous_4)","decl":{"start":{"line":41,"column":12},"end":{"line":41,"column":13}},"loc":{"start":{"line":41,"column":18},"end":{"line":43,"column":3}},"line":41},"5":{"name":"useAuth","decl":{"start":{"line":52,"column":16},"end":{"line":52,"column":23}},"loc":{"start":{"line":52,"column":26},"end":{"line":58,"column":1}},"line":52}},"branchMap":{"0":{"loc":{"start":{"line":54,"column":2},"end":{"line":56,"column":3}},"type":"if","locations":[{"start":{"line":54,"column":2},"end":{"line":56,"column":3}},{"start":{},"end":{}}],"line":54}},"s":{"0":0,"1":0,"2":0,"3":0,"4":0,"5":0,"6":0,"7":0,"8":0,"9":0,"10":0,"11":0,"12":0,"13":0,"14":0,"15":0,"16":0,"17":0,"18":0,"19":0},"f":{"0":0,"1":0,"2":0,"3":0,"4":0,"5":0},"b":{"0":[0,0]}}
,"/home/nathan/repos/nq/nq-frontend/lib/MediaContext.tsx": {"path":"/home/nathan/repos/nq/nq-frontend/lib/MediaContext.tsx","statementMap":{"0":{"start":{"line":9,"column":21},"end":{"line":9,"column":75}},"1":{"start":{"line":12,"column":36},"end":{"line":12,"column":57}},"2":{"start":{"line":14,"column":19},"end":{"line":21,"column":3}},"3":{"start":{"line":15,"column":23},"end":{"line":17,"column":40}},"4":{"start":{"line":16,"column":17},"end":{"line":16,"column":52}},"5":{"start":{"line":17,"column":20},"end":{"line":17,"column":39}},"6":{"start":{"line":18,"column":18},"end":{"line":18,"column":75}},"7":{"start":{"line":19,"column":21},"end":{"line":19,"column":63}},"8":{"start":{"line":20,"column":4},"end":{"line":20,"column":27}},"9":{"start":{"line":23,"column":2},"end":{"line":23,"column":99}},"10":{"start":{"line":27,"column":18},"end":{"line":27,"column":42}},"11":{"start":{"line":28,"column":2},"end":{"line":30,"column":3}},"12":{"start":{"line":29,"column":4},"end":{"line":29,"column":68}},"13":{"start":{"line":31,"column":2},"end":{"line":31,"column":17}}},"fnMap":{"0":{"name":"MediaProvider","decl":{"start":{"line":11,"column":16},"end":{"line":11,"column":29}},"loc":{"start":{"line":11,"column":69},"end":{"line":24,"column":1}},"line":11},"1":{"name":"(anonymous_1)","decl":{"start":{"line":14,"column":19},"end":{"line":14,"column":20}},"loc":{"start":{"line":14,"column":52},"end":{"line":21,"column":3}},"line":14},"2":{"name":"(anonymous_2)","decl":{"start":{"line":16,"column":11},"end":{"line":16,"column":12}},"loc":{"start":{"line":16,"column":17},"end":{"line":16,"column":52}},"line":16},"3":{"name":"(anonymous_3)","decl":{"start":{"line":17,"column":14},"end":{"line":17,"column":15}},"loc":{"start":{"line":17,"column":20},"end":{"line":17,"column":39}},"line":17},"4":{"name":"useMedia","decl":{"start":{"line":26,"column":16},"end":{"line":26,"column":24}},"loc":{"start":{"line":26,"column":27},"end":{"line":32,"column":1}},"line":26}},"branchMap":{"0":{"loc":{"start":{"line":16,"column":17},"end":{"line":16,"column":52}},"type":"cond-expr","locations":[{"start":{"line":16,"column":44},"end":{"line":16,"column":48}},{"start":{"line":16,"column":51},"end":{"line":16,"column":52}}],"line":16},"1":{"loc":{"start":{"line":18,"column":19},"end":{"line":18,"column":70}},"type":"cond-expr","locations":[{"start":{"line":18,"column":43},"end":{"line":18,"column":66}},{"start":{"line":18,"column":69},"end":{"line":18,"column":70}}],"line":18},"2":{"loc":{"start":{"line":28,"column":2},"end":{"line":30,"column":3}},"type":"if","locations":[{"start":{"line":28,"column":2},"end":{"line":30,"column":3}},{"start":{},"end":{}}],"line":28}},"s":{"0":0,"1":0,"2":0,"3":0,"4":0,"5":0,"6":0,"7":0,"8":0,"9":0,"10":0,"11":0,"12":0,"13":0},"f":{"0":0,"1":0,"2":0,"3":0,"4":0},"b":{"0":[0,0],"1":[0,0],"2":[0,0]}}
,"/home/nathan/repos/nq/nq-frontend/lib/apolloClient.ts": {"path":"/home/nathan/repos/nq/nq-frontend/lib/apolloClient.ts","statementMap":{"0":{"start":{"line":5,"column":16},"end":{"line":5,"column":82}},"1":{"start":{"line":7,"column":17},"end":{"line":15,"column":2}},"2":{"start":{"line":8,"column":16},"end":{"line":8,"column":38}},"3":{"start":{"line":9,"column":2},"end":{"line":14,"column":4}},"4":{"start":{"line":17,"column":28},"end":{"line":20,"column":2}}},"fnMap":{"0":{"name":"(anonymous_0)","decl":{"start":{"line":7,"column":28},"end":{"line":7,"column":29}},"loc":{"start":{"line":7,"column":54},"end":{"line":15,"column":1}},"line":7}},"branchMap":{"0":{"loc":{"start":{"line":5,"column":16},"end":{"line":5,"column":82}},"type":"binary-expr","locations":[{"start":{"line":5,"column":16},"end":{"line":5,"column":47}},{"start":{"line":5,"column":51},"end":{"line":5,"column":82}}],"line":5},"1":{"loc":{"start":{"line":12,"column":10},"end":{"line":12,"column":59}},"type":"cond-expr","locations":[{"start":{"line":12,"column":18},"end":{"line":12,"column":54}},{"start":{"line":12,"column":57},"end":{"line":12,"column":59}}],"line":12}},"s":{"0":0,"1":0,"2":0,"3":0,"4":0},"f":{"0":0},"b":{"0":[0,0],"1":[0,0]}}
,"/home/nathan/repos/nq/nq-frontend/lib/auth.ts": {"path":"/home/nathan/repos/nq/nq-frontend/lib/auth.ts","statementMap":{"0":{"start":{"line":4,"column":18},"end":{"line":4,"column":38}},"1":{"start":{"line":6,"column":20},"end":{"line":6,"column":56}},"2":{"start":{"line":7,"column":22},"end":{"line":7,"column":61}},"3":{"start":{"line":8,"column":22},"end":{"line":8,"column":60}},"4":{"start":{"line":10,"column":0},"end":{"line":12,"column":1}},"5":{"start":{"line":11,"column":2},"end":{"line":11,"column":45}},"6":{"start":{"line":14,"column":18},"end":{"line":19,"column":1}},"7":{"start":{"line":22,"column":22},"end":{"line":24,"column":4}},"8":{"start":{"line":26,"column":18},"end":{"line":35,"column":4}},"9":{"start":{"line":37,"column":17},"end":{"line":37,"column":53}},"10":{"start":{"line":38,"column":2},"end":{"line":40,"column":3}},"11":{"start":{"line":39,"column":4},"end":{"line":39,"column":16}},"12":{"start":{"line":42,"column":24},"end":{"line":52,"column":3}},"13":{"start":{"line":54,"column":2},"end":{"line":56,"column":3}},"14":{"start":{"line":55,"column":4},"end":{"line":55,"column":16}},"15":{"start":{"line":58,"column":2},"end":{"line":58,"column":71}},"16":{"start":{"line":59,"column":2},"end":{"line":59,"column":35}},"17":{"start":{"line":63,"column":2},"end":{"line":63,"column":45}},"18":{"start":{"line":67,"column":2},"end":{"line":67,"column":47}}},"fnMap":{"0":{"name":"loginWithAuth0","decl":{"start":{"line":21,"column":22},"end":{"line":21,"column":36}},"loc":{"start":{"line":21,"column":63},"end":{"line":60,"column":1}},"line":21},"1":{"name":"getAccessToken","decl":{"start":{"line":62,"column":22},"end":{"line":62,"column":36}},"loc":{"start":{"line":62,"column":63},"end":{"line":64,"column":1}},"line":62},"2":{"name":"logout","decl":{"start":{"line":66,"column":22},"end":{"line":66,"column":28}},"loc":{"start":{"line":66,"column":46},"end":{"line":68,"column":1}},"line":66}},"branchMap":{"0":{"loc":{"start":{"line":10,"column":0},"end":{"line":12,"column":1}},"type":"if","locations":[{"start":{"line":10,"column":0},"end":{"line":12,"column":1}},{"start":{},"end":{}}],"line":10},"1":{"loc":{"start":{"line":10,"column":4},"end":{"line":10,"column":52}},"type":"binary-expr","locations":[{"start":{"line":10,"column":4},"end":{"line":10,"column":16}},{"start":{"line":10,"column":20},"end":{"line":10,"column":34}},{"start":{"line":10,"column":38},"end":{"line":10,"column":52}}],"line":10},"2":{"loc":{"start":{"line":27,"column":14},"end":{"line":27,"column":33}},"type":"binary-expr","locations":[{"start":{"line":27,"column":14},"end":{"line":27,"column":27}},{"start":{"line":27,"column":31},"end":{"line":27,"column":33}}],"line":27},"3":{"loc":{"start":{"line":32,"column":16},"end":{"line":32,"column":35}},"type":"binary-expr","locations":[{"start":{"line":32,"column":16},"end":{"line":32,"column":29}},{"start":{"line":32,"column":33},"end":{"line":32,"column":35}}],"line":32},"4":{"loc":{"start":{"line":38,"column":2},"end":{"line":40,"column":3}},"type":"if","locations":[{"start":{"line":38,"column":2},"end":{"line":40,"column":3}},{"start":{},"end":{}}],"line":38},"5":{"loc":{"start":{"line":38,"column":6},"end":{"line":38,"column":54}},"type":"binary-expr","locations":[{"start":{"line":38,"column":6},"end":{"line":38,"column":31}},{"start":{"line":38,"column":35},"end":{"line":38,"column":54}}],"line":38},"6":{"loc":{"start":{"line":44,"column":16},"end":{"line":44,"column":35}},"type":"binary-expr","locations":[{"start":{"line":44,"column":16},"end":{"line":44,"column":29}},{"start":{"line":44,"column":33},"end":{"line":44,"column":35}}],"line":44},"7":{"loc":{"start":{"line":48,"column":23},"end":{"line":48,"column":49}},"type":"binary-expr","locations":[{"start":{"line":48,"column":23},"end":{"line":48,"column":43}},{"start":{"line":48,"column":47},"end":{"line":48,"column":49}}],"line":48},"8":{"loc":{"start":{"line":54,"column":2},"end":{"line":56,"column":3}},"type":"if","locations":[{"start":{"line":54,"column":2},"end":{"line":56,"column":3}},{"start":{},"end":{}}],"line":54}},"s":{"0":0,"1":0,"2":0,"3":0,"4":0,"5":0,"6":0,"7":0,"8":0,"9":0,"10":0,"11":0,"12":0,"13":0,"14":0,"15":0,"16":0,"17":0,"18":0},"f":{"0":0,"1":0,"2":0},"b":{"0":[0,0],"1":[0,0,0],"2":[0,0],"3":[0,0],"4":[0,0],"5":[0,0],"6":[0,0],"7":[0,0],"8":[0,0]}}
,"/home/nathan/repos/nq/nq-frontend/lib/createActivity.ts": {"path":"/home/nathan/repos/nq/nq-frontend/lib/createActivity.ts","statementMap":{"0":{"start":{"line":17,"column":17},"end":{"line":17,"column":48}},"1":{"start":{"line":18,"column":2},"end":{"line":18,"column":28}},"2":{"start":{"line":18,"column":14},"end":{"line":18,"column":28}},"3":{"start":{"line":19,"column":2},"end":{"line":19,"column":41}},"4":{"start":{"line":22,"column":17},"end":{"line":24,"column":2}},"5":{"start":{"line":30,"column":21},"end":{"line":30,"column":64}},"6":{"start":{"line":31,"column":22},"end":{"line":31,"column":44}},"7":{"start":{"line":32,"column":14},"end":{"line":40,"column":4}},"8":{"start":{"line":42,"column":15},"end":{"line":42,"column":31}},"9":{"start":{"line":43,"column":2},"end":{"line":45,"column":3}},"10":{"start":{"line":44,"column":4},"end":{"line":44,"column":49}},"11":{"start":{"line":47,"column":2},"end":{"line":47,"column":53}}},"fnMap":{"0":{"name":"getDefaultUrl","decl":{"start":{"line":16,"column":15},"end":{"line":16,"column":28}},"loc":{"start":{"line":16,"column":48},"end":{"line":20,"column":1}},"line":16},"1":{"name":"createActivity","decl":{"start":{"line":26,"column":22},"end":{"line":26,"column":36}},"loc":{"start":{"line":29,"column":40},"end":{"line":48,"column":1}},"line":29}},"branchMap":{"0":{"loc":{"start":{"line":18,"column":2},"end":{"line":18,"column":28}},"type":"if","locations":[{"start":{"line":18,"column":2},"end":{"line":18,"column":28}},{"start":{},"end":{}}],"line":18},"1":{"loc":{"start":{"line":30,"column":21},"end":{"line":30,"column":64}},"type":"binary-expr","locations":[{"start":{"line":30,"column":21},"end":{"line":30,"column":37}},{"start":{"line":30,"column":42},"end":{"line":30,"column":63}}],"line":30},"2":{"loc":{"start":{"line":36,"column":10},"end":{"line":36,"column":71}},"type":"cond-expr","locations":[{"start":{"line":36,"column":24},"end":{"line":36,"column":66}},{"start":{"line":36,"column":69},"end":{"line":36,"column":71}}],"line":36},"3":{"loc":{"start":{"line":43,"column":2},"end":{"line":45,"column":3}},"type":"if","locations":[{"start":{"line":43,"column":2},"end":{"line":45,"column":3}},{"start":{},"end":{}}],"line":43},"4":{"loc":{"start":{"line":47,"column":9},"end":{"line":47,"column":52}},"type":"cond-expr","locations":[{"start":{"line":47,"column":21},"end":{"line":47,"column":45}},{"start":{"line":47,"column":48},"end":{"line":47,"column":52}}],"line":47}},"s":{"0":0,"1":0,"2":0,"3":0,"4":0,"5":0,"6":0,"7":0,"8":0,"9":0,"10":0,"11":0},"f":{"0":0,"1":0},"b":{"0":[0,0],"1":[0,0],"2":[0,0],"3":[0,0],"4":[0,0]}}
,"/home/nathan/repos/nq/nq-frontend/lib/createMedia.ts": {"path":"/home/nathan/repos/nq/nq-frontend/lib/createMedia.ts","statementMap":{"0":{"start":{"line":5,"column":2},"end":{"line":5,"column":37}},"1":{"start":{"line":5,"column":20},"end":{"line":5,"column":37}},"2":{"start":{"line":7,"column":16},"end":{"line":7,"column":17}},"3":{"start":{"line":8,"column":21},"end":{"line":8,"column":51}},"4":{"start":{"line":9,"column":20},"end":{"line":9,"column":50}},"5":{"start":{"line":11,"column":2},"end":{"line":11,"column":58}},"6":{"start":{"line":11,"column":18},"end":{"line":11,"column":58}},"7":{"start":{"line":12,"column":2},"end":{"line":12,"column":51}},"8":{"start":{"line":12,"column":17},"end":{"line":12,"column":51}},"9":{"start":{"line":15,"column":2},"end":{"line":18,"column":3}},"10":{"start":{"line":16,"column":16},"end":{"line":16,"column":37}},"11":{"start":{"line":17,"column":4},"end":{"line":17,"column":32}},"12":{"start":{"line":17,"column":21},"end":{"line":17,"column":32}},"13":{"start":{"line":20,"column":2},"end":{"line":20,"column":43}},"14":{"start":{"line":24,"column":2},"end":{"line":24,"column":30}},"15":{"start":{"line":24,"column":13},"end":{"line":24,"column":30}},"16":{"start":{"line":25,"column":2},"end":{"line":25,"column":25}},"17":{"start":{"line":30,"column":2},"end":{"line":30,"column":50}},"18":{"start":{"line":30,"column":33},"end":{"line":30,"column":50}},"19":{"start":{"line":31,"column":2},"end":{"line":31,"column":13}},"20":{"start":{"line":37,"column":17},"end":{"line":37,"column":48}},"21":{"start":{"line":38,"column":2},"end":{"line":38,"column":28}},"22":{"start":{"line":38,"column":14},"end":{"line":38,"column":28}},"23":{"start":{"line":41,"column":2},"end":{"line":41,"column":41}},"24":{"start":{"line":44,"column":84},"end":{"line":87,"column":1}},"25":{"start":{"line":93,"column":26},"end":{"line":93,"column":35}},"26":{"start":{"line":95,"column":2},"end":{"line":97,"column":3}},"27":{"start":{"line":96,"column":4},"end":{"line":96,"column":41}},"28":{"start":{"line":98,"column":16},"end":{"line":98,"column":33}},"29":{"start":{"line":99,"column":2},"end":{"line":101,"column":3}},"30":{"start":{"line":100,"column":4},"end":{"line":100,"column":55}},"31":{"start":{"line":103,"column":21},"end":{"line":103,"column":64}},"32":{"start":{"line":106,"column":19},"end":{"line":112,"column":3}},"33":{"start":{"line":115,"column":2},"end":{"line":121,"column":3}},"34":{"start":{"line":116,"column":4},"end":{"line":120,"column":6}},"35":{"start":{"line":122,"column":2},"end":{"line":128,"column":3}},"36":{"start":{"line":123,"column":4},"end":{"line":127,"column":6}},"37":{"start":{"line":129,"column":2},"end":{"line":135,"column":3}},"38":{"start":{"line":130,"column":4},"end":{"line":134,"column":6}},"39":{"start":{"line":136,"column":2},"end":{"line":141,"column":3}},"40":{"start":{"line":137,"column":4},"end":{"line":140,"column":6}},"41":{"start":{"line":144,"column":15},"end":{"line":147,"column":3}},"42":{"start":{"line":149,"column":22},"end":{"line":149,"column":44}},"43":{"start":{"line":150,"column":14},"end":{"line":158,"column":4}},"44":{"start":{"line":160,"column":15},"end":{"line":160,"column":31}},"45":{"start":{"line":161,"column":2},"end":{"line":164,"column":3}},"46":{"start":{"line":163,"column":4},"end":{"line":163,"column":49}},"47":{"start":{"line":166,"column":2},"end":{"line":166,"column":59}}},"fnMap":{"0":{"name":"parseDuration","decl":{"start":{"line":4,"column":9},"end":{"line":4,"column":22}},"loc":{"start":{"line":4,"column":65},"end":{"line":21,"column":1}},"line":4},"1":{"name":"formatDate","decl":{"start":{"line":23,"column":9},"end":{"line":23,"column":19}},"loc":{"start":{"line":23,"column":55},"end":{"line":26,"column":1}},"line":23},"2":{"name":"emptyToNull","decl":{"start":{"line":29,"column":9},"end":{"line":29,"column":20}},"loc":{"start":{"line":29,"column":55},"end":{"line":32,"column":1}},"line":29},"3":{"name":"getDefaultUrl","decl":{"start":{"line":34,"column":15},"end":{"line":34,"column":28}},"loc":{"start":{"line":34,"column":48},"end":{"line":42,"column":1}},"line":34},"4":{"name":"createMedia","decl":{"start":{"line":89,"column":22},"end":{"line":89,"column":33}},"loc":{"start":{"line":92,"column":30},"end":{"line":167,"column":1}},"line":92}},"branchMap":{"0":{"loc":{"start":{"line":5,"column":2},"end":{"line":5,"column":37}},"type":"if","locations":[{"start":{"line":5,"column":2},"end":{"line":5,"column":37}},{"start":{},"end":{}}],"line":5},"1":{"loc":{"start":{"line":11,"column":2},"end":{"line":11,"column":58}},"type":"if","locations":[{"start":{"line":11,"column":2},"end":{"line":11,"column":58}},{"start":{},"end":{}}],"line":11},"2":{"loc":{"start":{"line":12,"column":2},"end":{"line":12,"column":51}},"type":"if","locations":[{"start":{"line":12,"column":2},"end":{"line":12,"column":51}},{"start":{},"end":{}}],"line":12},"3":{"loc":{"start":{"line":15,"column":2},"end":{"line":18,"column":3}},"type":"if","locations":[{"start":{"line":15,"column":2},"end":{"line":18,"column":3}},{"start":{},"end":{}}],"line":15},"4":{"loc":{"start":{"line":15,"column":6},"end":{"line":15,"column":31}},"type":"binary-expr","locations":[{"start":{"line":15,"column":6},"end":{"line":15,"column":17}},{"start":{"line":15,"column":21},"end":{"line":15,"column":31}}],"line":15},"5":{"loc":{"start":{"line":17,"column":4},"end":{"line":17,"column":32}},"type":"if","locations":[{"start":{"line":17,"column":4},"end":{"line":17,"column":32}},{"start":{},"end":{}}],"line":17},"6":{"loc":{"start":{"line":20,"column":9},"end":{"line":20,"column":42}},"type":"cond-expr","locations":[{"start":{"line":20,"column":23},"end":{"line":20,"column":30}},{"start":{"line":20,"column":33},"end":{"line":20,"column":42}}],"line":20},"7":{"loc":{"start":{"line":24,"column":2},"end":{"line":24,"column":30}},"type":"if","locations":[{"start":{"line":24,"column":2},"end":{"line":24,"column":30}},{"start":{},"end":{}}],"line":24},"8":{"loc":{"start":{"line":30,"column":2},"end":{"line":30,"column":50}},"type":"if","locations":[{"start":{"line":30,"column":2},"end":{"line":30,"column":50}},{"start":{},"end":{}}],"line":30},"9":{"loc":{"start":{"line":30,"column":6},"end":{"line":30,"column":31}},"type":"binary-expr","locations":[{"start":{"line":30,"column":6},"end":{"line":30,"column":10}},{"start":{"line":30,"column":14},"end":{"line":30,"column":31}}],"line":30},"10":{"loc":{"start":{"line":38,"column":2},"end":{"line":38,"column":28}},"type":"if","locations":[{"start":{"line":38,"column":2},"end":{"line":38,"column":28}},{"start":{},"end":{}}],"line":38},"11":{"loc":{"start":{"line":95,"column":2},"end":{"line":97,"column":3}},"type":"if","locations":[{"start":{"line":95,"column":2},"end":{"line":97,"column":3}},{"start":{},"end":{}}],"line":95},"12":{"loc":{"start":{"line":95,"column":6},"end":{"line":95,"column":29}},"type":"binary-expr","locations":[{"start":{"line":95,"column":6},"end":{"line":95,"column":12}},{"start":{"line":95,"column":16},"end":{"line":95,"column":29}}],"line":95},"13":{"loc":{"start":{"line":99,"column":2},"end":{"line":101,"column":3}},"type":"if","locations":[{"start":{"line":99,"column":2},"end":{"line":101,"column":3}},{"start":{},"end":{}}],"line":99},"14":{"loc":{"start":{"line":103,"column":21},"end":{"line":103,"column":64}},"type":"binary-expr","locations":[{"start":{"line":103,"column":21},"end":{"line":103,"column":37}},{"start":{"line":103,"column":42},"end":{"line":103,"column":63}}],"line":103},"15":{"loc":{"start":{"line":111,"column":12},"end":{"line":111,"column":87}},"type":"cond-expr","locations":[{"start":{"line":111,"column":60},"end":{"line":111,"column":75}},{"start":{"line":111,"column":78},"end":{"line":111,"column":87}}],"line":111},"16":{"loc":{"start":{"line":111,"column":12},"end":{"line":111,"column":57}},"type":"binary-expr","locations":[{"start":{"line":111,"column":12},"end":{"line":111,"column":27}},{"start":{"line":111,"column":31},"end":{"line":111,"column":57}}],"line":111},"17":{"loc":{"start":{"line":115,"column":2},"end":{"line":121,"column":3}},"type":"if","locations":[{"start":{"line":115,"column":2},"end":{"line":121,"column":3}},{"start":{},"end":{}}],"line":115},"18":{"loc":{"start":{"line":122,"column":2},"end":{"line":128,"column":3}},"type":"if","locations":[{"start":{"line":122,"column":2},"end":{"line":128,"column":3}},{"start":{},"end":{}}],"line":122},"19":{"loc":{"start":{"line":126,"column":13},"end":{"line":126,"column":79}},"type":"cond-expr","locations":[{"start":{"line":126,"column":34},"end":{"line":126,"column":67}},{"start":{"line":126,"column":70},"end":{"line":126,"column":79}}],"line":126},"20":{"loc":{"start":{"line":129,"column":2},"end":{"line":135,"column":3}},"type":"if","locations":[{"start":{"line":129,"column":2},"end":{"line":135,"column":3}},{"start":{},"end":{}}],"line":129},"21":{"loc":{"start":{"line":133,"column":13},"end":{"line":133,"column":81}},"type":"cond-expr","locations":[{"start":{"line":133,"column":61},"end":{"line":133,"column":76}},{"start":{"line":133,"column":79},"end":{"line":133,"column":81}}],"line":133},"22":{"loc":{"start":{"line":133,"column":13},"end":{"line":133,"column":58}},"type":"binary-expr","locations":[{"start":{"line":133,"column":13},"end":{"line":133,"column":28}},{"start":{"line":133,"column":32},"end":{"line":133,"column":58}}],"line":133},"23":{"loc":{"start":{"line":136,"column":2},"end":{"line":141,"column":3}},"type":"if","locations":[{"start":{"line":136,"column":2},"end":{"line":141,"column":3}},{"start":{},"end":{}}],"line":136},"24":{"loc":{"start":{"line":154,"column":10},"end":{"line":154,"column":71}},"type":"cond-expr","locations":[{"start":{"line":154,"column":24},"end":{"line":154,"column":66}},{"start":{"line":154,"column":69},"end":{"line":154,"column":71}}],"line":154},"25":{"loc":{"start":{"line":161,"column":2},"end":{"line":164,"column":3}},"type":"if","locations":[{"start":{"line":161,"column":2},"end":{"line":164,"column":3}},{"start":{},"end":{}}],"line":161},"26":{"loc":{"start":{"line":166,"column":9},"end":{"line":166,"column":58}},"type":"cond-expr","locations":[{"start":{"line":166,"column":21},"end":{"line":166,"column":51}},{"start":{"line":166,"column":54},"end":{"line":166,"column":58}}],"line":166}},"s":{"0":0,"1":0,"2":0,"3":0,"4":0,"5":0,"6":0,"7":0,"8":0,"9":0,"10":0,"11":0,"12":0,"13":0,"14":0,"15":0,"16":0,"17":0,"18":0,"19":0,"20":0,"21":0,"22":0,"23":0,"24":0,"25":0,"26":0,"27":0,"28":0,"29":0,"30":0,"31":0,"32":0,"33":0,"34":0,"35":0,"36":0,"37":0,"38":0,"39":0,"40":0,"41":0,"42":0,"43":0,"44":0,"45":0,"46":0,"47":0},"f":{"0":0,"1":0,"2":0,"3":0,"4":0},"b":{"0":[0,0],"1":[0,0],"2":[0,0],"3":[0,0],"4":[0,0],"5":[0,0],"6":[0,0],"7":[0,0],"8":[0,0],"9":[0,0],"10":[0,0],"11":[0,0],"12":[0,0],"13":[0,0],"14":[0,0],"15":[0,0],"16":[0,0],"17":[0,0],"18":[0,0],"19":[0,0],"20":[0,0],"21":[0,0],"22":[0,0],"23":[0,0],"24":[0,0],"25":[0,0],"26":[0,0]}}
,"/home/nathan/repos/nq/nq-frontend/lib/graphql.ts": {"path":"/home/nathan/repos/nq/nq-frontend/lib/graphql.ts","statementMap":{"0":{"start":{"line":3,"column":24},"end":{"line":14,"column":1}},"1":{"start":{"line":16,"column":35},"end":{"line":60,"column":1}},"2":{"start":{"line":62,"column":32},"end":{"line":78,"column":1}},"3":{"start":{"line":80,"column":36},"end":{"line":187,"column":1}},"4":{"start":{"line":189,"column":39},"end":{"line":305,"column":1}},"5":{"start":{"line":307,"column":40},"end":{"line":317,"column":1}},"6":{"start":{"line":319,"column":45},"end":{"line":326,"column":1}},"7":{"start":{"line":328,"column":36},"end":{"line":337,"column":1}}},"fnMap":{},"branchMap":{},"s":{"0":1,"1":1,"2":1,"3":1,"4":1,"5":1,"6":1,"7":1},"f":{},"b":{},"_coverageSchema":"1a1c01bbd47fc00a2c39e90264f33305004495a9","hash":"9417b22a2e725d01f354b147cede78bbd0321aba"}
,"/home/nathan/repos/nq/nq-frontend/lib/logger.ts": {"path":"/home/nathan/repos/nq/nq-frontend/lib/logger.ts","statementMap":{"0":{"start":{"line":3,"column":2},"end":{"line":7,"column":3}},"1":{"start":{"line":6,"column":4},"end":{"line":6,"column":11}},"2":{"start":{"line":10,"column":2},"end":{"line":10,"column":25}},"3":{"start":{"line":14,"column":2},"end":{"line":16,"column":3}},"4":{"start":{"line":15,"column":4},"end":{"line":15,"column":25}}},"fnMap":{"0":{"name":"logError","decl":{"start":{"line":1,"column":16},"end":{"line":1,"column":24}},"loc":{"start":{"line":1,"column":41},"end":{"line":11,"column":1}},"line":1},"1":{"name":"logInfo","decl":{"start":{"line":13,"column":16},"end":{"line":13,"column":23}},"loc":{"start":{"line":13,"column":40},"end":{"line":17,"column":1}},"line":13}},"branchMap":{"0":{"loc":{"start":{"line":3,"column":2},"end":{"line":7,"column":3}},"type":"if","locations":[{"start":{"line":3,"column":2},"end":{"line":7,"column":3}},{"start":{},"end":{}}],"line":3},"1":{"loc":{"start":{"line":14,"column":2},"end":{"line":16,"column":3}},"type":"if","locations":[{"start":{"line":14,"column":2},"end":{"line":16,"column":3}},{"start":{},"end":{}}],"line":14}},"s":{"0":3,"1":1,"2":2,"3":4,"4":3},"f":{"0":3,"1":4},"b":{"0":[1,2],"1":[3,1]},"_coverageSchema":"1a1c01bbd47fc00a2c39e90264f33305004495a9","hash":"4d9a6acefba585d57ee3eb1b738bf5380680a02d"}
,"/home/nathan/repos/nq/nq-frontend/src/types.ts": {"path":"/home/nathan/repos/nq/nq-frontend/src/types.ts","statementMap":{},"fnMap":{},"branchMap":{},"s":{},"f":{},"b":{}}
,"/home/nathan/repos/nq/nq-frontend/src/components/FilterPanel.tsx": {"path":"/home/nathan/repos/nq/nq-frontend/src/components/FilterPanel.tsx","statementMap":{"0":{"start":{"line":29,"column":21},"end":{"line":29,"column":31}},"1":{"start":{"line":31,"column":17},"end":{"line":51,"column":4}},"2":{"start":{"line":53,"column":2},"end":{"line":90,"column":4}},"3":{"start":{"line":78,"column":31},"end":{"line":78,"column":61}},"4":{"start":{"line":79,"column":12},"end":{"line":85,"column":14}},"5":{"start":{"line":80,"column":52},"end":{"line":80,"column":72}}},"fnMap":{"0":{"name":"FilterPanel","decl":{"start":{"line":20,"column":9},"end":{"line":20,"column":20}},"loc":{"start":{"line":28,"column":21},"end":{"line":91,"column":1}},"line":28},"1":{"name":"(anonymous_1)","decl":{"start":{"line":77,"column":22},"end":{"line":77,"column":23}},"loc":{"start":{"line":77,"column":31},"end":{"line":86,"column":11}},"line":77},"2":{"name":"(anonymous_2)","decl":{"start":{"line":80,"column":46},"end":{"line":80,"column":47}},"loc":{"start":{"line":80,"column":52},"end":{"line":80,"column":72}},"line":80}},"branchMap":{"0":{"loc":{"start":{"line":81,"column":32},"end":{"line":81,"column":68}},"type":"cond-expr","locations":[{"start":{"line":81,"column":45},"end":{"line":81,"column":54}},{"start":{"line":81,"column":57},"end":{"line":81,"column":68}}],"line":81}},"s":{"0":0,"1":0,"2":0,"3":0,"4":0,"5":0},"f":{"0":0,"1":0,"2":0},"b":{"0":[0,0]}}
,"/home/nathan/repos/nq/nq-frontend/src/components/MediaCard.tsx": {"path":"/home/nathan/repos/nq/nq-frontend/src/components/MediaCard.tsx","statementMap":{"0":{"start":{"line":31,"column":21},"end":{"line":31,"column":31}},"1":{"start":{"line":32,"column":17},"end":{"line":32,"column":68}},"2":{"start":{"line":32,"column":37},"end":{"line":32,"column":57}},"3":{"start":{"line":34,"column":2},"end":{"line":76,"column":4}},"4":{"start":{"line":65,"column":14},"end":{"line":67,"column":22}},"5":{"start":{"line":79,"column":26},"end":{"line":79,"column":47}},"6":{"start":{"line":80,"column":0},"end":{"line":80,"column":44}},"7":{"start":{"line":84,"column":21},"end":{"line":160,"column":4}},"8":{"start":{"line":85,"column":2},"end":{"line":160,"column":4}}},"fnMap":{"0":{"name":"MediaCard","decl":{"start":{"line":21,"column":9},"end":{"line":21,"column":18}},"loc":{"start":{"line":30,"column":19},"end":{"line":77,"column":1}},"line":30},"1":{"name":"(anonymous_1)","decl":{"start":{"line":32,"column":31},"end":{"line":32,"column":32}},"loc":{"start":{"line":32,"column":37},"end":{"line":32,"column":57}},"line":32},"2":{"name":"(anonymous_2)","decl":{"start":{"line":64,"column":35},"end":{"line":64,"column":36}},"loc":{"start":{"line":65,"column":14},"end":{"line":67,"column":22}},"line":65},"3":{"name":"(anonymous_3)","decl":{"start":{"line":84,"column":21},"end":{"line":84,"column":22}},"loc":{"start":{"line":85,"column":2},"end":{"line":160,"column":4}},"line":85}},"branchMap":{"0":{"loc":{"start":{"line":53,"column":13},"end":{"line":61,"column":13}},"type":"binary-expr","locations":[{"start":{"line":53,"column":13},"end":{"line":53,"column":21}},{"start":{"line":54,"column":14},"end":{"line":60,"column":17}}],"line":53}},"s":{"0":0,"1":0,"2":0,"3":0,"4":0,"5":0,"6":0,"7":0,"8":0},"f":{"0":0,"1":0,"2":0,"3":0},"b":{"0":[0,0]}}
,"/home/nathan/repos/nq/nq-frontend/src/components/MediaCardSkeleton.tsx": {"path":"/home/nathan/repos/nq/nq-frontend/src/components/MediaCardSkeleton.tsx","statementMap":{"0":{"start":{"line":15,"column":25},"end":{"line":15,"column":29}},"1":{"start":{"line":18,"column":21},"end":{"line":18,"column":31}},"2":{"start":{"line":19,"column":20},"end":{"line":19,"column":41}},"3":{"start":{"line":20,"column":21},"end":{"line":20,"column":64}},"4":{"start":{"line":22,"column":2},"end":{"line":34,"column":26}},"5":{"start":{"line":23,"column":4},"end":{"line":23,"column":32}},"6":{"start":{"line":24,"column":22},"end":{"line":31,"column":5}},"7":{"start":{"line":32,"column":4},"end":{"line":32,"column":22}},"8":{"start":{"line":33,"column":4},"end":{"line":33,"column":34}},"9":{"start":{"line":33,"column":17},"end":{"line":33,"column":33}},"10":{"start":{"line":36,"column":17},"end":{"line":36,"column":68}},"11":{"start":{"line":36,"column":37},"end":{"line":36,"column":57}},"12":{"start":{"line":38,"column":2},"end":{"line":71,"column":4}},"13":{"start":{"line":81,"column":2},"end":{"line":90,"column":4}},"14":{"start":{"line":93,"column":21},"end":{"line":160,"column":4}},"15":{"start":{"line":94,"column":2},"end":{"line":160,"column":4}},"16":{"start":{"line":162,"column":34},"end":{"line":162,"column":63}},"17":{"start":{"line":163,"column":0},"end":{"line":163,"column":60}}},"fnMap":{"0":{"name":"MediaCardSkeleton","decl":{"start":{"line":17,"column":9},"end":{"line":17,"column":26}},"loc":{"start":{"line":17,"column":29},"end":{"line":72,"column":1}},"line":17},"1":{"name":"(anonymous_1)","decl":{"start":{"line":22,"column":18},"end":{"line":22,"column":19}},"loc":{"start":{"line":22,"column":24},"end":{"line":34,"column":3}},"line":22},"2":{"name":"(anonymous_2)","decl":{"start":{"line":33,"column":11},"end":{"line":33,"column":12}},"loc":{"start":{"line":33,"column":17},"end":{"line":33,"column":33}},"line":33},"3":{"name":"(anonymous_3)","decl":{"start":{"line":36,"column":31},"end":{"line":36,"column":32}},"loc":{"start":{"line":36,"column":37},"end":{"line":36,"column":57}},"line":36},"4":{"name":"Shimmer","decl":{"start":{"line":74,"column":9},"end":{"line":74,"column":16}},"loc":{"start":{"line":80,"column":3},"end":{"line":91,"column":1}},"line":80},"5":{"name":"(anonymous_5)","decl":{"start":{"line":93,"column":21},"end":{"line":93,"column":22}},"loc":{"start":{"line":94,"column":2},"end":{"line":160,"column":4}},"line":94}},"branchMap":{},"s":{"0":0,"1":0,"2":0,"3":0,"4":0,"5":0,"6":0,"7":0,"8":0,"9":0,"10":0,"11":0,"12":0,"13":0,"14":0,"15":0,"16":0,"17":0},"f":{"0":0,"1":0,"2":0,"3":0,"4":0,"5":0},"b":{}}
,"/home/nathan/repos/nq/nq-frontend/src/components/MediaCoverCard.tsx": {"path":"/home/nathan/repos/nq/nq-frontend/src/components/MediaCoverCard.tsx","statementMap":{"0":{"start":{"line":22,"column":21},"end":{"line":22,"column":31}},"1":{"start":{"line":23,"column":17},"end":{"line":23,"column":68}},"2":{"start":{"line":23,"column":37},"end":{"line":23,"column":57}},"3":{"start":{"line":25,"column":2},"end":{"line":36,"column":4}},"4":{"start":{"line":41,"column":21},"end":{"line":56,"column":4}},"5":{"start":{"line":42,"column":2},"end":{"line":56,"column":4}}},"fnMap":{"0":{"name":"MediaCoverCard","decl":{"start":{"line":15,"column":9},"end":{"line":15,"column":23}},"loc":{"start":{"line":21,"column":24},"end":{"line":37,"column":1}},"line":21},"1":{"name":"(anonymous_1)","decl":{"start":{"line":23,"column":31},"end":{"line":23,"column":32}},"loc":{"start":{"line":23,"column":37},"end":{"line":23,"column":57}},"line":23},"2":{"name":"(anonymous_2)","decl":{"start":{"line":41,"column":21},"end":{"line":41,"column":22}},"loc":{"start":{"line":42,"column":2},"end":{"line":56,"column":4}},"line":42}},"branchMap":{"0":{"loc":{"start":{"line":19,"column":2},"end":{"line":19,"column":21}},"type":"default-arg","locations":[{"start":{"line":19,"column":16},"end":{"line":19,"column":21}}],"line":19}},"s":{"0":0,"1":0,"2":0,"3":0,"4":0,"5":0},"f":{"0":0,"1":0,"2":0},"b":{"0":[0]}}
,"/home/nathan/repos/nq/nq-frontend/src/components/MediaCoverSkeleton.tsx": {"path":"/home/nathan/repos/nq/nq-frontend/src/components/MediaCoverSkeleton.tsx","statementMap":{"0":{"start":{"line":7,"column":25},"end":{"line":7,"column":29}},"1":{"start":{"line":15,"column":21},"end":{"line":15,"column":31}},"2":{"start":{"line":16,"column":21},"end":{"line":16,"column":64}},"3":{"start":{"line":18,"column":2},"end":{"line":30,"column":19}},"4":{"start":{"line":19,"column":4},"end":{"line":19,"column":30}},"5":{"start":{"line":20,"column":22},"end":{"line":27,"column":5}},"6":{"start":{"line":28,"column":4},"end":{"line":28,"column":22}},"7":{"start":{"line":29,"column":4},"end":{"line":29,"column":34}},"8":{"start":{"line":29,"column":17},"end":{"line":29,"column":33}},"9":{"start":{"line":32,"column":17},"end":{"line":32,"column":68}},"10":{"start":{"line":32,"column":37},"end":{"line":32,"column":57}},"11":{"start":{"line":34,"column":2},"end":{"line":45,"column":4}},"12":{"start":{"line":50,"column":21},"end":{"line":64,"column":4}},"13":{"start":{"line":51,"column":2},"end":{"line":64,"column":4}}},"fnMap":{"0":{"name":"MediaCoverSkeleton","decl":{"start":{"line":14,"column":9},"end":{"line":14,"column":27}},"loc":{"start":{"line":14,"column":85},"end":{"line":46,"column":1}},"line":14},"1":{"name":"(anonymous_1)","decl":{"start":{"line":18,"column":18},"end":{"line":18,"column":19}},"loc":{"start":{"line":18,"column":24},"end":{"line":30,"column":3}},"line":18},"2":{"name":"(anonymous_2)","decl":{"start":{"line":29,"column":11},"end":{"line":29,"column":12}},"loc":{"start":{"line":29,"column":17},"end":{"line":29,"column":33}},"line":29},"3":{"name":"(anonymous_3)","decl":{"start":{"line":32,"column":31},"end":{"line":32,"column":32}},"loc":{"start":{"line":32,"column":37},"end":{"line":32,"column":57}},"line":32},"4":{"name":"(anonymous_4)","decl":{"start":{"line":50,"column":21},"end":{"line":50,"column":22}},"loc":{"start":{"line":51,"column":2},"end":{"line":64,"column":4}},"line":51}},"branchMap":{"0":{"loc":{"start":{"line":14,"column":37},"end":{"line":14,"column":56}},"type":"default-arg","locations":[{"start":{"line":14,"column":51},"end":{"line":14,"column":56}}],"line":14}},"s":{"0":0,"1":0,"2":0,"3":0,"4":0,"5":0,"6":0,"7":0,"8":0,"9":0,"10":0,"11":0,"12":0,"13":0},"f":{"0":0,"1":0,"2":0,"3":0,"4":0},"b":{"0":[0]}}
,"/home/nathan/repos/nq/nq-frontend/src/components/figma/ImageWithFallback.tsx": {"path":"/home/nathan/repos/nq/nq-frontend/src/components/figma/ImageWithFallback.tsx","statementMap":{"0":{"start":{"line":7,"column":2},"end":{"line":7,"column":386}},"1":{"start":{"line":23,"column":34},"end":{"line":23,"column":49}},"2":{"start":{"line":24,"column":21},"end":{"line":24,"column":31}},"3":{"start":{"line":26,"column":22},"end":{"line":28,"column":3}},"4":{"start":{"line":27,"column":4},"end":{"line":27,"column":22}},"5":{"start":{"line":30,"column":2},"end":{"line":45,"column":3}},"6":{"start":{"line":31,"column":4},"end":{"line":44,"column":6}},"7":{"start":{"line":47,"column":2},"end":{"line":57,"column":4}}},"fnMap":{"0":{"name":"ImageWithFallback","decl":{"start":{"line":16,"column":9},"end":{"line":16,"column":26}},"loc":{"start":{"line":22,"column":27},"end":{"line":58,"column":1}},"line":22},"1":{"name":"(anonymous_1)","decl":{"start":{"line":26,"column":22},"end":{"line":26,"column":23}},"loc":{"start":{"line":26,"column":28},"end":{"line":28,"column":3}},"line":26}},"branchMap":{"0":{"loc":{"start":{"line":20,"column":2},"end":{"line":20,"column":22}},"type":"default-arg","locations":[{"start":{"line":20,"column":15},"end":{"line":20,"column":22}}],"line":20},"1":{"loc":{"start":{"line":30,"column":2},"end":{"line":45,"column":3}},"type":"if","locations":[{"start":{"line":30,"column":2},"end":{"line":45,"column":3}},{"start":{},"end":{}}],"line":30}},"s":{"0":0,"1":0,"2":0,"3":0,"4":0,"5":0,"6":0,"7":0},"f":{"0":0,"1":0},"b":{"0":[0],"1":[0,0]}}
,"/home/nathan/repos/nq/nq-frontend/src/components/ui/ThemeProvider.tsx": {"path":"/home/nathan/repos/nq/nq-frontend/src/components/ui/ThemeProvider.tsx","statementMap":{"0":{"start":{"line":9,"column":18},"end":{"line":9,"column":35}},"1":{"start":{"line":18,"column":22},"end":{"line":18,"column":33}},"2":{"start":{"line":20,"column":21},"end":{"line":25,"column":2}},"3":{"start":{"line":27,"column":70},"end":{"line":68,"column":1}},"4":{"start":{"line":28,"column":33},"end":{"line":28,"column":62}},"5":{"start":{"line":29,"column":42},"end":{"line":31,"column":3}},"6":{"start":{"line":33,"column":2},"end":{"line":49,"column":9}},"7":{"start":{"line":34,"column":4},"end":{"line":43,"column":9}},"8":{"start":{"line":35,"column":6},"end":{"line":42,"column":7}},"9":{"start":{"line":36,"column":23},"end":{"line":36,"column":60}},"10":{"start":{"line":37,"column":8},"end":{"line":39,"column":9}},"11":{"start":{"line":38,"column":10},"end":{"line":38,"column":32}},"12":{"start":{"line":45,"column":16},"end":{"line":47,"column":6}},"13":{"start":{"line":46,"column":6},"end":{"line":46,"column":65}},"14":{"start":{"line":48,"column":4},"end":{"line":48,"column":30}},"15":{"start":{"line":48,"column":17},"end":{"line":48,"column":29}},"16":{"start":{"line":51,"column":19},"end":{"line":58,"column":3}},"17":{"start":{"line":52,"column":4},"end":{"line":56,"column":5}},"18":{"start":{"line":53,"column":6},"end":{"line":53,"column":47}},"19":{"start":{"line":57,"column":4},"end":{"line":57,"column":21}},"20":{"start":{"line":60,"column":29},"end":{"line":60,"column":68}},"21":{"start":{"line":61,"column":17},"end":{"line":61,"column":92}},"22":{"start":{"line":61,"column":32},"end":{"line":61,"column":78}},"23":{"start":{"line":63,"column":2},"end":{"line":67,"column":4}},"24":{"start":{"line":70,"column":24},"end":{"line":70,"column":54}},"25":{"start":{"line":70,"column":30},"end":{"line":70,"column":54}}},"fnMap":{"0":{"name":"(anonymous_0)","decl":{"start":{"line":24,"column":12},"end":{"line":24,"column":13}},"loc":{"start":{"line":24,"column":18},"end":{"line":24,"column":20}},"line":24},"1":{"name":"(anonymous_1)","decl":{"start":{"line":27,"column":70},"end":{"line":27,"column":71}},"loc":{"start":{"line":27,"column":88},"end":{"line":68,"column":1}},"line":27},"2":{"name":"(anonymous_2)","decl":{"start":{"line":33,"column":12},"end":{"line":33,"column":13}},"loc":{"start":{"line":33,"column":18},"end":{"line":49,"column":3}},"line":33},"3":{"name":"(anonymous_3)","decl":{"start":{"line":34,"column":5},"end":{"line":34,"column":6}},"loc":{"start":{"line":34,"column":17},"end":{"line":43,"column":5}},"line":34},"4":{"name":"(anonymous_4)","decl":{"start":{"line":45,"column":45},"end":{"line":45,"column":46}},"loc":{"start":{"line":45,"column":66},"end":{"line":47,"column":5}},"line":45},"5":{"name":"(anonymous_5)","decl":{"start":{"line":48,"column":11},"end":{"line":48,"column":12}},"loc":{"start":{"line":48,"column":17},"end":{"line":48,"column":29}},"line":48},"6":{"name":"(anonymous_6)","decl":{"start":{"line":51,"column":19},"end":{"line":51,"column":20}},"loc":{"start":{"line":51,"column":45},"end":{"line":58,"column":3}},"line":51},"7":{"name":"(anonymous_7)","decl":{"start":{"line":61,"column":25},"end":{"line":61,"column":26}},"loc":{"start":{"line":61,"column":32},"end":{"line":61,"column":78}},"line":61},"8":{"name":"(anonymous_8)","decl":{"start":{"line":70,"column":24},"end":{"line":70,"column":25}},"loc":{"start":{"line":70,"column":30},"end":{"line":70,"column":54}},"line":70}},"branchMap":{"0":{"loc":{"start":{"line":30,"column":4},"end":{"line":30,"column":61}},"type":"cond-expr","locations":[{"start":{"line":30,"column":45},"end":{"line":30,"column":51}},{"start":{"line":30,"column":54},"end":{"line":30,"column":61}}],"line":30},"1":{"loc":{"start":{"line":37,"column":8},"end":{"line":39,"column":9}},"type":"if","locations":[{"start":{"line":37,"column":8},"end":{"line":39,"column":9}},{"start":{},"end":{}}],"line":37},"2":{"loc":{"start":{"line":37,"column":12},"end":{"line":37,"column":72}},"type":"binary-expr","locations":[{"start":{"line":37,"column":12},"end":{"line":37,"column":30}},{"start":{"line":37,"column":34},"end":{"line":37,"column":51}},{"start":{"line":37,"column":55},"end":{"line":37,"column":72}}],"line":37},"3":{"loc":{"start":{"line":46,"column":22},"end":{"line":46,"column":63}},"type":"cond-expr","locations":[{"start":{"line":46,"column":47},"end":{"line":46,"column":53}},{"start":{"line":46,"column":56},"end":{"line":46,"column":63}}],"line":46},"4":{"loc":{"start":{"line":60,"column":29},"end":{"line":60,"column":68}},"type":"cond-expr","locations":[{"start":{"line":60,"column":48},"end":{"line":60,"column":60}},{"start":{"line":60,"column":63},"end":{"line":60,"column":68}}],"line":60},"5":{"loc":{"start":{"line":61,"column":32},"end":{"line":61,"column":78}},"type":"cond-expr","locations":[{"start":{"line":61,"column":54},"end":{"line":61,"column":64}},{"start":{"line":61,"column":67},"end":{"line":61,"column":78}}],"line":61}},"s":{"0":0,"1":0,"2":0,"3":0,"4":0,"5":0,"6":0,"7":0,"8":0,"9":0,"10":0,"11":0,"12":0,"13":0,"14":0,"15":0,"16":0,"17":0,"18":0,"19":0,"20":0,"21":0,"22":0,"23":0,"24":0,"25":0},"f":{"0":0,"1":0,"2":0,"3":0,"4":0,"5":0,"6":0,"7":0,"8":0},"b":{"0":[0,0],"1":[0,0],"2":[0,0,0],"3":[0,0],"4":[0,0],"5":[0,0]}}
,"/home/nathan/repos/nq/nq-frontend/src/components/ui/avatar.tsx": {"path":"/home/nathan/repos/nq/nq-frontend/src/components/ui/avatar.tsx","statementMap":{"0":{"start":{"line":26,"column":21},"end":{"line":26,"column":31}},"1":{"start":{"line":27,"column":17},"end":{"line":44,"column":4}},"2":{"start":{"line":46,"column":22},"end":{"line":46,"column":77}},"3":{"start":{"line":48,"column":2},"end":{"line":50,"column":3}},"4":{"start":{"line":49,"column":4},"end":{"line":49,"column":55}},"5":{"start":{"line":52,"column":2},"end":{"line":60,"column":4}},"6":{"start":{"line":64,"column":17},"end":{"line":64,"column":80}},"7":{"start":{"line":65,"column":2},"end":{"line":65,"column":87}},"8":{"start":{"line":69,"column":17},"end":{"line":71,"column":4}},"9":{"start":{"line":72,"column":2},"end":{"line":72,"column":57}}},"fnMap":{"0":{"name":"Avatar","decl":{"start":{"line":25,"column":16},"end":{"line":25,"column":22}},"loc":{"start":{"line":25,"column":94},"end":{"line":61,"column":1}},"line":25},"1":{"name":"AvatarImage","decl":{"start":{"line":63,"column":16},"end":{"line":63,"column":27}},"loc":{"start":{"line":63,"column":60},"end":{"line":66,"column":1}},"line":63},"2":{"name":"AvatarFallback","decl":{"start":{"line":68,"column":16},"end":{"line":68,"column":30}},"loc":{"start":{"line":68,"column":66},"end":{"line":73,"column":1}},"line":68}},"branchMap":{"0":{"loc":{"start":{"line":25,"column":35},"end":{"line":25,"column":49}},"type":"default-arg","locations":[{"start":{"line":25,"column":46},"end":{"line":25,"column":49}}],"line":25},"1":{"loc":{"start":{"line":25,"column":51},"end":{"line":25,"column":60}},"type":"default-arg","locations":[{"start":{"line":25,"column":58},"end":{"line":25,"column":60}}],"line":25},"2":{"loc":{"start":{"line":48,"column":2},"end":{"line":50,"column":3}},"type":"if","locations":[{"start":{"line":48,"column":2},"end":{"line":50,"column":3}},{"start":{},"end":{}}],"line":48},"3":{"loc":{"start":{"line":54,"column":7},"end":{"line":58,"column":7}},"type":"cond-expr","locations":[{"start":{"line":55,"column":8},"end":{"line":55,"column":85}},{"start":{"line":57,"column":8},"end":{"line":57,"column":55}}],"line":54}},"s":{"0":0,"1":0,"2":0,"3":0,"4":0,"5":0,"6":0,"7":0,"8":0,"9":0},"f":{"0":0,"1":0,"2":0},"b":{"0":[0],"1":[0],"2":[0,0],"3":[0,0]}}
,"/home/nathan/repos/nq/nq-frontend/src/components/ui/badge.tsx": {"path":"/home/nathan/repos/nq/nq-frontend/src/components/ui/badge.tsx","statementMap":{"0":{"start":{"line":16,"column":21},"end":{"line":16,"column":31}},"1":{"start":{"line":18,"column":57},"end":{"line":33,"column":3}},"2":{"start":{"line":35,"column":56},"end":{"line":48,"column":3}},"3":{"start":{"line":50,"column":21},"end":{"line":50,"column":69}},"4":{"start":{"line":51,"column":20},"end":{"line":51,"column":60}},"5":{"start":{"line":53,"column":2},"end":{"line":55,"column":3}},"6":{"start":{"line":54,"column":4},"end":{"line":54,"column":67}},"7":{"start":{"line":56,"column":2},"end":{"line":56,"column":52}},"8":{"start":{"line":61,"column":15},"end":{"line":72,"column":2}}},"fnMap":{"0":{"name":"Badge","decl":{"start":{"line":15,"column":9},"end":{"line":15,"column":14}},"loc":{"start":{"line":15,"column":69},"end":{"line":57,"column":1}},"line":15}},"branchMap":{"0":{"loc":{"start":{"line":15,"column":17},"end":{"line":15,"column":36}},"type":"default-arg","locations":[{"start":{"line":15,"column":27},"end":{"line":15,"column":36}}],"line":15},"1":{"loc":{"start":{"line":53,"column":2},"end":{"line":55,"column":3}},"type":"if","locations":[{"start":{"line":53,"column":2},"end":{"line":55,"column":3}},{"start":{},"end":{}}],"line":53}},"s":{"0":0,"1":0,"2":0,"3":0,"4":0,"5":0,"6":0,"7":0,"8":0},"f":{"0":0},"b":{"0":[0],"1":[0,0]}}
,"/home/nathan/repos/nq/nq-frontend/src/components/ui/button.tsx": {"path":"/home/nathan/repos/nq/nq-frontend/src/components/ui/button.tsx","statementMap":{"0":{"start":{"line":27,"column":21},"end":{"line":27,"column":31}},"1":{"start":{"line":29,"column":59},"end":{"line":50,"column":3}},"2":{"start":{"line":52,"column":53},"end":{"line":70,"column":3}},"3":{"start":{"line":72,"column":57},"end":{"line":92,"column":3}},"4":{"start":{"line":94,"column":51},"end":{"line":108,"column":3}},"5":{"start":{"line":110,"column":22},"end":{"line":116,"column":4}},"6":{"start":{"line":118,"column":20},"end":{"line":123,"column":4}},"7":{"start":{"line":125,"column":2},"end":{"line":129,"column":4}},"8":{"start":{"line":134,"column":15},"end":{"line":150,"column":2}}},"fnMap":{"0":{"name":"Button","decl":{"start":{"line":19,"column":16},"end":{"line":19,"column":22}},"loc":{"start":{"line":26,"column":16},"end":{"line":130,"column":1}},"line":26}},"branchMap":{"0":{"loc":{"start":{"line":20,"column":2},"end":{"line":20,"column":21}},"type":"default-arg","locations":[{"start":{"line":20,"column":12},"end":{"line":20,"column":21}}],"line":20},"1":{"loc":{"start":{"line":21,"column":2},"end":{"line":21,"column":18}},"type":"default-arg","locations":[{"start":{"line":21,"column":9},"end":{"line":21,"column":18}}],"line":21},"2":{"loc":{"start":{"line":22,"column":2},"end":{"line":22,"column":18}},"type":"default-arg","locations":[{"start":{"line":22,"column":13},"end":{"line":22,"column":18}}],"line":22},"3":{"loc":{"start":{"line":114,"column":4},"end":{"line":114,"column":31}},"type":"binary-expr","locations":[{"start":{"line":114,"column":4},"end":{"line":114,"column":12}},{"start":{"line":114,"column":16},"end":{"line":114,"column":31}}],"line":114},"4":{"loc":{"start":{"line":122,"column":4},"end":{"line":122,"column":35}},"type":"binary-expr","locations":[{"start":{"line":122,"column":4},"end":{"line":122,"column":12}},{"start":{"line":122,"column":16},"end":{"line":122,"column":35}}],"line":122},"5":{"loc":{"start":{"line":126,"column":44},"end":{"line":126,"column":74}},"type":"cond-expr","locations":[{"start":{"line":126,"column":55},"end":{"line":126,"column":64}},{"start":{"line":126,"column":67},"end":{"line":126,"column":74}}],"line":126},"6":{"loc":{"start":{"line":127,"column":7},"end":{"line":127,"column":90}},"type":"cond-expr","locations":[{"start":{"line":127,"column":38},"end":{"line":127,"column":79}},{"start":{"line":127,"column":82},"end":{"line":127,"column":90}}],"line":127}},"s":{"0":0,"1":0,"2":0,"3":0,"4":0,"5":0,"6":0,"7":0,"8":0},"f":{"0":0},"b":{"0":[0],"1":[0],"2":[0],"3":[0,0],"4":[0,0],"5":[0,0],"6":[0,0]}}
,"/home/nathan/repos/nq/nq-frontend/src/components/ui/card.tsx": {"path":"/home/nathan/repos/nq/nq-frontend/src/components/ui/card.tsx","statementMap":{"0":{"start":{"line":13,"column":21},"end":{"line":13,"column":31}},"1":{"start":{"line":14,"column":19},"end":{"line":25,"column":4}},"2":{"start":{"line":27,"column":20},"end":{"line":27,"column":46}},"3":{"start":{"line":29,"column":2},"end":{"line":29,"column":51}}},"fnMap":{"0":{"name":"Card","decl":{"start":{"line":12,"column":9},"end":{"line":12,"column":13}},"loc":{"start":{"line":12,"column":46},"end":{"line":30,"column":1}},"line":12}},"branchMap":{},"s":{"0":0,"1":0,"2":0,"3":0},"f":{"0":0},"b":{}}
,"/home/nathan/repos/nq/nq-frontend/src/components/ui/input.tsx": {"path":"/home/nathan/repos/nq/nq-frontend/src/components/ui/input.tsx","statementMap":{"0":{"start":{"line":31,"column":21},"end":{"line":31,"column":31}},"1":{"start":{"line":33,"column":19},"end":{"line":48,"column":4}},"2":{"start":{"line":50,"column":21},"end":{"line":50,"column":78}},"3":{"start":{"line":52,"column":2},"end":{"line":66,"column":4}}},"fnMap":{"0":{"name":"Input","decl":{"start":{"line":19,"column":9},"end":{"line":19,"column":14}},"loc":{"start":{"line":30,"column":15},"end":{"line":67,"column":1}},"line":30}},"branchMap":{"0":{"loc":{"start":{"line":25,"column":2},"end":{"line":25,"column":18}},"type":"default-arg","locations":[{"start":{"line":25,"column":13},"end":{"line":25,"column":18}}],"line":25},"1":{"loc":{"start":{"line":26,"column":2},"end":{"line":26,"column":19}},"type":"default-arg","locations":[{"start":{"line":26,"column":14},"end":{"line":26,"column":19}}],"line":26},"2":{"loc":{"start":{"line":27,"column":2},"end":{"line":27,"column":19}},"type":"default-arg","locations":[{"start":{"line":27,"column":18},"end":{"line":27,"column":19}}],"line":27},"3":{"loc":{"start":{"line":28,"column":2},"end":{"line":28,"column":26}},"type":"default-arg","locations":[{"start":{"line":28,"column":17},"end":{"line":28,"column":26}}],"line":28},"4":{"loc":{"start":{"line":50,"column":40},"end":{"line":50,"column":69}},"type":"binary-expr","locations":[{"start":{"line":50,"column":40},"end":{"line":50,"column":48}},{"start":{"line":50,"column":52},"end":{"line":50,"column":69}}],"line":50}},"s":{"0":0,"1":0,"2":0,"3":0},"f":{"0":0},"b":{"0":[0],"1":[0],"2":[0],"3":[0],"4":[0,0]}}
,"/home/nathan/repos/nq/nq-frontend/src/components/ui/label.tsx": {"path":"/home/nathan/repos/nq/nq-frontend/src/components/ui/label.tsx","statementMap":{"0":{"start":{"line":11,"column":21},"end":{"line":11,"column":31}},"1":{"start":{"line":12,"column":17},"end":{"line":19,"column":4}},"2":{"start":{"line":21,"column":2},"end":{"line":25,"column":4}}},"fnMap":{"0":{"name":"Label","decl":{"start":{"line":10,"column":9},"end":{"line":10,"column":14}},"loc":{"start":{"line":10,"column":58},"end":{"line":26,"column":1}},"line":10}},"branchMap":{},"s":{"0":0,"1":0,"2":0},"f":{"0":0},"b":{}}
,"/home/nathan/repos/nq/nq-frontend/src/components/ui/modal.tsx": {"path":"/home/nathan/repos/nq/nq-frontend/src/components/ui/modal.tsx","statementMap":{"0":{"start":{"line":17,"column":21},"end":{"line":17,"column":31}},"1":{"start":{"line":18,"column":17},"end":{"line":53,"column":4}},"2":{"start":{"line":55,"column":2},"end":{"line":76,"column":4}}},"fnMap":{"0":{"name":"Modal","decl":{"start":{"line":16,"column":16},"end":{"line":16,"column":21}},"loc":{"start":{"line":16,"column":81},"end":{"line":77,"column":1}},"line":16}},"branchMap":{"0":{"loc":{"start":{"line":64,"column":9},"end":{"line":71,"column":9}},"type":"binary-expr","locations":[{"start":{"line":64,"column":9},"end":{"line":64,"column":14}},{"start":{"line":65,"column":10},"end":{"line":70,"column":17}}],"line":64},"1":{"loc":{"start":{"line":73,"column":9},"end":{"line":73,"column":62}},"type":"binary-expr","locations":[{"start":{"line":73,"column":9},"end":{"line":73,"column":15}},{"start":{"line":73,"column":19},"end":{"line":73,"column":62}}],"line":73}},"s":{"0":0,"1":0,"2":0},"f":{"0":0},"b":{"0":[0,0],"1":[0,0]}}
,"/home/nathan/repos/nq/nq-frontend/src/components/ui/select.tsx": {"path":"/home/nathan/repos/nq/nq-frontend/src/components/ui/select.tsx","statementMap":{"0":{"start":{"line":32,"column":30},"end":{"line":32,"column":45}},"1":{"start":{"line":34,"column":2},"end":{"line":47,"column":4}},"2":{"start":{"line":37,"column":8},"end":{"line":44,"column":17}},"3":{"start":{"line":51,"column":32},"end":{"line":51,"column":37}},"4":{"start":{"line":52,"column":21},"end":{"line":52,"column":31}},"5":{"start":{"line":54,"column":17},"end":{"line":66,"column":4}},"6":{"start":{"line":68,"column":2},"end":{"line":77,"column":4}},"7":{"start":{"line":69,"column":59},"end":{"line":69,"column":77}},"8":{"start":{"line":81,"column":21},"end":{"line":81,"column":31}},"9":{"start":{"line":82,"column":17},"end":{"line":84,"column":4}},"10":{"start":{"line":85,"column":2},"end":{"line":85,"column":63}},"11":{"start":{"line":89,"column":54},"end":{"line":89,"column":59}},"12":{"start":{"line":90,"column":21},"end":{"line":90,"column":31}},"13":{"start":{"line":91,"column":17},"end":{"line":98,"column":4}},"14":{"start":{"line":100,"column":2},"end":{"line":118,"column":4}},"15":{"start":{"line":101,"column":43},"end":{"line":101,"column":59}},"16":{"start":{"line":105,"column":12},"end":{"line":113,"column":21}},"17":{"start":{"line":108,"column":20},"end":{"line":108,"column":45}},"18":{"start":{"line":109,"column":20},"end":{"line":109,"column":37}},"19":{"start":{"line":122,"column":21},"end":{"line":122,"column":31}},"20":{"start":{"line":123,"column":17},"end":{"line":132,"column":4}},"21":{"start":{"line":134,"column":2},"end":{"line":143,"column":4}},"22":{"start":{"line":137,"column":21},"end":{"line":137,"column":36}}},"fnMap":{"0":{"name":"Select","decl":{"start":{"line":31,"column":16},"end":{"line":31,"column":22}},"loc":{"start":{"line":31,"column":72},"end":{"line":48,"column":1}},"line":31},"1":{"name":"(anonymous_1)","decl":{"start":{"line":36,"column":36},"end":{"line":36,"column":37}},"loc":{"start":{"line":37,"column":8},"end":{"line":44,"column":17}},"line":37},"2":{"name":"SelectTrigger","decl":{"start":{"line":50,"column":16},"end":{"line":50,"column":29}},"loc":{"start":{"line":50,"column":80},"end":{"line":78,"column":1}},"line":50},"3":{"name":"(anonymous_3)","decl":{"start":{"line":69,"column":53},"end":{"line":69,"column":54}},"loc":{"start":{"line":69,"column":59},"end":{"line":69,"column":77}},"line":69},"4":{"name":"SelectValue","decl":{"start":{"line":80,"column":16},"end":{"line":80,"column":27}},"loc":{"start":{"line":80,"column":63},"end":{"line":86,"column":1}},"line":80},"5":{"name":"SelectContent","decl":{"start":{"line":88,"column":16},"end":{"line":88,"column":29}},"loc":{"start":{"line":88,"column":80},"end":{"line":119,"column":1}},"line":88},"6":{"name":"(anonymous_6)","decl":{"start":{"line":101,"column":37},"end":{"line":101,"column":38}},"loc":{"start":{"line":101,"column":43},"end":{"line":101,"column":59}},"line":101},"7":{"name":"(anonymous_7)","decl":{"start":{"line":104,"column":40},"end":{"line":104,"column":41}},"loc":{"start":{"line":105,"column":12},"end":{"line":113,"column":21}},"line":105},"8":{"name":"(anonymous_8)","decl":{"start":{"line":107,"column":28},"end":{"line":107,"column":29}},"loc":{"start":{"line":107,"column":51},"end":{"line":110,"column":19}},"line":107},"9":{"name":"SelectItem","decl":{"start":{"line":121,"column":16},"end":{"line":121,"column":26}},"loc":{"start":{"line":121,"column":93},"end":{"line":144,"column":1}},"line":121},"10":{"name":"(anonymous_10)","decl":{"start":{"line":137,"column":15},"end":{"line":137,"column":16}},"loc":{"start":{"line":137,"column":21},"end":{"line":137,"column":36}},"line":137}},"branchMap":{"0":{"loc":{"start":{"line":37,"column":8},"end":{"line":44,"column":17}},"type":"cond-expr","locations":[{"start":{"line":38,"column":12},"end":{"line":43,"column":14}},{"start":{"line":44,"column":12},"end":{"line":44,"column":17}}],"line":37},"1":{"loc":{"start":{"line":72,"column":14},"end":{"line":72,"column":52}},"type":"cond-expr","locations":[{"start":{"line":72,"column":23},"end":{"line":72,"column":35}},{"start":{"line":72,"column":38},"end":{"line":72,"column":52}}],"line":72},"2":{"loc":{"start":{"line":105,"column":12},"end":{"line":113,"column":21}},"type":"cond-expr","locations":[{"start":{"line":106,"column":16},"end":{"line":112,"column":18}},{"start":{"line":113,"column":16},"end":{"line":113,"column":21}}],"line":105},"3":{"loc":{"start":{"line":136,"column":33},"end":{"line":136,"column":72}},"type":"binary-expr","locations":[{"start":{"line":136,"column":33},"end":{"line":136,"column":43}},{"start":{"line":136,"column":47},"end":{"line":136,"column":72}}],"line":136},"4":{"loc":{"start":{"line":139,"column":43},"end":{"line":139,"column":86}},"type":"binary-expr","locations":[{"start":{"line":139,"column":43},"end":{"line":139,"column":53}},{"start":{"line":139,"column":57},"end":{"line":139,"column":86}}],"line":139}},"s":{"0":0,"1":0,"2":0,"3":0,"4":0,"5":0,"6":0,"7":0,"8":0,"9":0,"10":0,"11":0,"12":0,"13":0,"14":0,"15":0,"16":0,"17":0,"18":0,"19":0,"20":0,"21":0,"22":0},"f":{"0":0,"1":0,"2":0,"3":0,"4":0,"5":0,"6":0,"7":0,"8":0,"9":0,"10":0},"b":{"0":[0,0],"1":[0,0],"2":[0,0],"3":[0,0],"4":[0,0]}}
,"/home/nathan/repos/nq/nq-frontend/src/components/ui/separator.tsx": {"path":"/home/nathan/repos/nq/nq-frontend/src/components/ui/separator.tsx","statementMap":{"0":{"start":{"line":10,"column":21},"end":{"line":10,"column":31}},"1":{"start":{"line":11,"column":17},"end":{"line":23,"column":4}},"2":{"start":{"line":25,"column":2},"end":{"line":29,"column":4}}},"fnMap":{"0":{"name":"Separator","decl":{"start":{"line":9,"column":9},"end":{"line":9,"column":18}},"loc":{"start":{"line":9,"column":67},"end":{"line":30,"column":1}},"line":9}},"branchMap":{"0":{"loc":{"start":{"line":9,"column":21},"end":{"line":9,"column":47}},"type":"default-arg","locations":[{"start":{"line":9,"column":35},"end":{"line":9,"column":47}}],"line":9},"1":{"loc":{"start":{"line":27,"column":32},"end":{"line":27,"column":96}},"type":"cond-expr","locations":[{"start":{"line":27,"column":61},"end":{"line":27,"column":76}},{"start":{"line":27,"column":79},"end":{"line":27,"column":96}}],"line":27}},"s":{"0":0,"1":0,"2":0},"f":{"0":0},"b":{"0":[0],"1":[0,0]}}
[...]
:{"line":192,"column":10},"end":{"line":192,"column":81}},"line":192},"16":{"name":"(anonymous_16)","decl":{"start":{"line":192,"column":37},"end":{"line":192,"column":38}},"loc":{"start":{"line":192,"column":52},"end":{"line":192,"column":79}},"line":192},"17":{"name":"(anonymous_17)","decl":{"start":{"line":197,"column":4},"end":{"line":197,"column":5}},"loc":{"start":{"line":197,"column":52},"end":{"line":212,"column":5}},"line":197},"18":{"name":"(anonymous_18)","decl":{"start":{"line":206,"column":19},"end":{"line":206,"column":20}},"loc":{"start":{"line":207,"column":12},"end":{"line":207,"column":90}},"line":207},"19":{"name":"(anonymous_19)","decl":{"start":{"line":226,"column":37},"end":{"line":226,"column":38}},"loc":{"start":{"line":226,"column":43},"end":{"line":226,"column":69}},"line":226},"20":{"name":"(anonymous_20)","decl":{"start":{"line":240,"column":22},"end":{"line":240,"column":23}},"loc":{"start":{"line":240,"column":30},"end":{"line":240,"column":45}},"line":240},"21":{"name":"(anonymous_21)","decl":{"start":{"line":254,"column":27},"end":{"line":254,"column":28}},"loc":{"start":{"line":254,"column":52},"end":{"line":258,"column":1}},"line":254}},"branchMap":{"0":{"loc":{"start":{"line":37,"column":30},"end":{"line":37,"column":56}},"type":"binary-expr","locations":[{"start":{"line":37,"column":30},"end":{"line":37,"column":50}},{"start":{"line":37,"column":54},"end":{"line":37,"column":56}}],"line":37},"1":{"loc":{"start":{"line":41,"column":8},"end":{"line":45,"column":42}},"type":"binary-expr","locations":[{"start":{"line":41,"column":8},"end":{"line":41,"column":37}},{"start":{"line":42,"column":8},"end":{"line":42,"column":38}},{"start":{"line":43,"column":8},"end":{"line":43,"column":36}},{"start":{"line":44,"column":8},"end":{"line":44,"column":36}},{"start":{"line":45,"column":8},"end":{"line":45,"column":42}}],"line":41},"2":{"loc":{"start":{"line":48,"column":20},"end":{"line":54,"column":16}},"type":"cond-expr","locations":[{"start":{"line":49,"column":10},"end":{"line":49,"column":46}},{"start":{"line":50,"column":10},"end":{"line":54,"column":16}}],"line":48},"3":{"loc":{"start":{"line":50,"column":10},"end":{"line":54,"column":16}},"type":"cond-expr","locations":[{"start":{"line":51,"column":12},"end":{"line":51,"column":50}},{"start":{"line":52,"column":12},"end":{"line":54,"column":16}}],"line":50},"4":{"loc":{"start":{"line":52,"column":12},"end":{"line":54,"column":16}},"type":"cond-expr","locations":[{"start":{"line":53,"column":14},"end":{"line":53,"column":25}},{"start":{"line":54,"column":14},"end":{"line":54,"column":16}}],"line":52},"5":{"loc":{"start":{"line":57,"column":15},"end":{"line":57,"column":40}},"type":"binary-expr","locations":[{"start":{"line":57,"column":15},"end":{"line":57,"column":26}},{"start":{"line":57,"column":30},"end":{"line":57,"column":40}}],"line":57},"6":{"loc":{"start":{"line":59,"column":10},"end":{"line":60,"column":94}},"type":"binary-expr","locations":[{"start":{"line":59,"column":10},"end":{"line":59,"column":24}},{"start":{"line":60,"column":10},"end":{"line":60,"column":94}}],"line":59},"7":{"loc":{"start":{"line":60,"column":66},"end":{"line":60,"column":91}},"type":"binary-expr","locations":[{"start":{"line":60,"column":66},"end":{"line":60,"column":77}},{"start":{"line":60,"column":81},"end":{"line":60,"column":91}}],"line":60},"8":{"loc":{"start":{"line":61,"column":16},"end":{"line":61,"column":40}},"type":"binary-expr","locations":[{"start":{"line":61,"column":16},"end":{"line":61,"column":35}},{"start":{"line":61,"column":39},"end":{"line":61,"column":40}}],"line":61},"9":{"loc":{"start":{"line":63,"column":14},"end":{"line":65,"column":36}},"type":"cond-expr","locations":[{"start":{"line":64,"column":12},"end":{"line":64,"column":55}},{"start":{"line":65,"column":12},"end":{"line":65,"column":36}}],"line":63},"10":{"loc":{"start":{"line":66,"column":18},"end":{"line":68,"column":21}},"type":"cond-expr","locations":[{"start":{"line":67,"column":12},"end":{"line":67,"column":71}},{"start":{"line":68,"column":12},"end":{"line":68,"column":21}}],"line":66},"11":{"loc":{"start":{"line":69,"column":21},"end":{"line":69,"column":44}},"type":"binary-expr","locations":[{"start":{"line":69,"column":21},"end":{"line":69,"column":38}},{"start":{"line":69,"column":42},"end":{"line":69,"column":44}}],"line":69},"12":{"loc":{"start":{"line":71,"column":10},"end":{"line":79,"column":64}},"type":"cond-expr","locations":[{"start":{"line":72,"column":14},"end":{"line":72,"column":18}},{"start":{"line":73,"column":14},"end":{"line":79,"column":64}}],"line":71},"13":{"loc":{"start":{"line":73,"column":14},"end":{"line":79,"column":64}},"type":"cond-expr","locations":[{"start":{"line":74,"column":16},"end":{"line":74,"column":22}},{"start":{"line":75,"column":16},"end":{"line":79,"column":64}}],"line":73},"14":{"loc":{"start":{"line":75,"column":16},"end":{"line":79,"column":64}},"type":"cond-expr","locations":[{"start":{"line":76,"column":18},"end":{"line":76,"column":24}},{"start":{"line":77,"column":18},"end":{"line":79,"column":64}}],"line":75},"15":{"loc":{"start":{"line":77,"column":18},"end":{"line":79,"column":64}},"type":"cond-expr","locations":[{"start":{"line":78,"column":20},"end":{"line":78,"column":27}},{"start":{"line":79,"column":21},"end":{"line":79,"column":63}}],"line":77},"16":{"loc":{"start":{"line":79,"column":21},"end":{"line":79,"column":63}},"type":"binary-expr","locations":[{"start":{"line":79,"column":21},"end":{"line":79,"column":52}},{"start":{"line":79,"column":56},"end":{"line":79,"column":63}}],"line":79},"17":{"loc":{"start":{"line":84,"column":4},"end":{"line":86,"column":5}},"type":"if","locations":[{"start":{"line":84,"column":4},"end":{"line":86,"column":5}},{"start":{},"end":{}}],"line":84},"18":{"loc":{"start":{"line":84,"column":8},"end":{"line":84,"column":56}},"type":"binary-expr","locations":[{"start":{"line":84,"column":8},"end":{"line":84,"column":40}},{"start":{"line":84,"column":44},"end":{"line":84,"column":56}}],"line":84},"19":{"loc":{"start":{"line":87,"column":4},"end":{"line":87,"column":56}},"type":"if","locations":[{"start":{"line":87,"column":4},"end":{"line":87,"column":56}},{"start":{},"end":{}}],"line":87},"20":{"loc":{"start":{"line":92,"column":4},"end":{"line":92,"column":26}},"type":"if","locations":[{"start":{"line":92,"column":4},"end":{"line":92,"column":26}},{"start":{},"end":{}}],"line":92},"21":{"loc":{"start":{"line":93,"column":4},"end":{"line":93,"column":31}},"type":"if","locations":[{"start":{"line":93,"column":4},"end":{"line":93,"column":31}},{"start":{},"end":{}}],"line":93},"22":{"loc":{"start":{"line":94,"column":4},"end":{"line":94,"column":35}},"type":"if","locations":[{"start":{"line":94,"column":4},"end":{"line":94,"column":35}},{"start":{},"end":{}}],"line":94},"23":{"loc":{"start":{"line":106,"column":8},"end":{"line":113,"column":9}},"type":"if","locations":[{"start":{"line":106,"column":8},"end":{"line":113,"column":9}},{"start":{},"end":{}}],"line":106},"24":{"loc":{"start":{"line":106,"column":12},"end":{"line":106,"column":45}},"type":"binary-expr","locations":[{"start":{"line":106,"column":12},"end":{"line":106,"column":33}},{"start":{"line":106,"column":37},"end":{"line":106,"column":45}}],"line":106},"25":{"loc":{"start":{"line":110,"column":10},"end":{"line":112,"column":11}},"type":"if","locations":[{"start":{"line":110,"column":10},"end":{"line":112,"column":11}},{"start":{},"end":{}}],"line":110},"26":{"loc":{"start":{"line":124,"column":6},"end":{"line":126,"column":7}},"type":"if","locations":[{"start":{"line":124,"column":6},"end":{"line":126,"column":7}},{"start":{},"end":{}}],"line":124},"27":{"loc":{"start":{"line":131,"column":4},"end":{"line":131,"column":34}},"type":"if","locations":[{"start":{"line":131,"column":4},"end":{"line":131,"column":34}},{"start":{},"end":{}}],"line":131},"28":{"loc":{"start":{"line":198,"column":6},"end":{"line":200,"column":7}},"type":"if","locations":[{"start":{"line":198,"column":6},"end":{"line":200,"column":7}},{"start":{},"end":{}}],"line":198},"29":{"loc":{"start":{"line":216,"column":19},"end":{"line":216,"column":53}},"type":"cond-expr","locations":[{"start":{"line":216,"column":29},"end":{"line":216,"column":41}},{"start":{"line":216,"column":44},"end":{"line":216,"column":53}}],"line":216},"30":{"loc":{"start":{"line":217,"column":29},"end":{"line":219,"column":10}},"type":"cond-expr","locations":[{"start":{"line":218,"column":4},"end":{"line":218,"column":85}},{"start":{"line":219,"column":6},"end":{"line":219,"column":10}}],"line":217},"31":{"loc":{"start":{"line":223,"column":7},"end":{"line":230,"column":14}},"type":"cond-expr","locations":[{"start":{"line":224,"column":8},"end":{"line":229,"column":15}},{"start":{"line":230,"column":10},"end":{"line":230,"column":14}}],"line":223}},"s":{"0":0,"1":0,"2":0,"3":0,"4":0,"5":0,"6":0,"7":0,"8":0,"9":0,"10":0,"11":0,"12":0,"13":0,"14":0,"15":0,"16":0,"17":0,"18":0,"19":0,"20":0,"21":0,"22":0,"23":0,"24":0,"25":0,"26":0,"27":0,"28":0,"29":0,"30":0,"31":0,"32":0,"33":0,"34":0,"35":0,"36":0,"37":0,"38":0,"39":0,"40":0,"41":0,"42":0,"43":0,"44":0,"45":0,"46":0,"47":0,"48":0,"49":0,"50":0,"51":0,"52":0,"53":0,"54":0,"55":0,"56":0,"57":0,"58":0,"59":0,"60":0,"61":0,"62":0,"63":0,"64":0,"65":0,"66":0,"67":0,"68":0,"69":0,"70":0,"71":0,"72":0,"73":0,"74":0,"75":0,"76":0},"f":{"0":0,"1":0,"2":0,"3":0,"4":0,"5":0,"6":0,"7":0,"8":0,"9":0,"10":0,"11":0,"12":0,"13":0,"14":0,"15":0,"16":0,"17":0,"18":0,"19":0,"20":0,"21":0},"b":{"0":[0,0],"1":[0,0,0,0,0],"2":[0,0],"3":[0,0],"4":[0,0],"5":[0,0],"6":[0,0],"7":[0,0],"8":[0,0],"9":[0,0],"10":[0,0],"11":[0,0],"12":[0,0],"13":[0,0],"14":[0,0],"15":[0,0],"16":[0,0],"17":[0,0],"18":[0,0],"19":[0,0],"20":[0,0],"21":[0,0],"22":[0,0],"23":[0,0],"24":[0,0],"25":[0,0],"26":[0,0],"27":[0,0],"28":[0,0],"29":[0,0],"30":[0,0],"31":[0,0]}}
,"/home/nathan/repos/nq/nq-frontend/src/pages/HomePage.tsx": {"path":"/home/nathan/repos/nq/nq-frontend/src/pages/HomePage.tsx","statementMap":{"0":{"start":{"line":23,"column":21},"end":{"line":23,"column":31}},"1":{"start":{"line":24,"column":57},"end":{"line":24,"column":73}},"2":{"start":{"line":25,"column":38},"end":{"line":25,"column":59}},"3":{"start":{"line":26,"column":44},"end":{"line":26,"column":65}},"4":{"start":{"line":27,"column":20},"end":{"line":27,"column":41}},"5":{"start":{"line":28,"column":18},"end":{"line":28,"column":70}},"6":{"start":{"line":30,"column":20},"end":{"line":34,"column":15}},"7":{"start":{"line":31,"column":4},"end":{"line":31,"column":24}},"8":{"start":{"line":32,"column":4},"end":{"line":32,"column":20}},"9":{"start":{"line":33,"column":4},"end":{"line":33,"column":25}},"10":{"start":{"line":36,"column":17},"end":{"line":36,"column":68}},"11":{"start":{"line":36,"column":37},"end":{"line":36,"column":57}},"12":{"start":{"line":37,"column":20},"end":{"line":37,"column":75}},"13":{"start":{"line":37,"column":40},"end":{"line":37,"column":65}},"14":{"start":{"line":39,"column":23},"end":{"line":43,"column":25}},"15":{"start":{"line":40,"column":4},"end":{"line":42,"column":5}},"16":{"start":{"line":41,"column":6},"end":{"line":41,"column":17}},"17":{"start":{"line":45,"column":23},"end":{"line":49,"column":8}},"18":{"start":{"line":46,"column":20},"end":{"line":46,"column":53}},"19":{"start":{"line":47,"column":23},"end":{"line":47,"column":36}},"20":{"start":{"line":48,"column":4},"end":{"line":48,"column":72}},"21":{"start":{"line":48,"column":30},"end":{"line":48,"column":69}},"22":{"start":{"line":51,"column":22},"end":{"line":53,"column":8}},"23":{"start":{"line":52,"column":4},"end":{"line":52,"column":67}},"24":{"start":{"line":55,"column":23},"end":{"line":58,"column":3}},"25":{"start":{"line":56,"column":10},"end":{"line":56,"column":81}},"26":{"start":{"line":56,"column":52},"end":{"line":56,"column":79}},"27":{"start":{"line":59,"column":33},"end":{"line":62,"column":3}},"28":{"start":{"line":60,"column":10},"end":{"line":60,"column":85}},"29":{"start":{"line":60,"column":51},"end":{"line":60,"column":83}},"30":{"start":{"line":64,"column":29},"end":{"line":67,"column":3}},"31":{"start":{"line":65,"column":10},"end":{"line":65,"column":61}},"32":{"start":{"line":69,"column":19},"end":{"line":75,"column":46}},"33":{"start":{"line":70,"column":4},"end":{"line":70,"column":53}},"34":{"start":{"line":70,"column":40},"end":{"line":70,"column":53}},"35":{"start":{"line":71,"column":4},"end":{"line":74,"column":6}},"36":{"start":{"line":73,"column":45},"end":{"line":73,"column":90}},"37":{"start":{"line":77,"column":25},"end":{"line":92,"column":3}},"38":{"start":{"line":79,"column":6},"end":{"line":81,"column":7}},"39":{"start":{"line":80,"column":8},"end":{"line":80,"column":67}},"40":{"start":{"line":82,"column":6},"end":{"line":89,"column":8}},"41":{"start":{"line":86,"column":25},"end":{"line":86,"column":98}},"42":{"start":{"line":94,"column":27},"end":{"line":94,"column":91}},"43":{"start":{"line":94,"column":71},"end":{"line":94,"column":86}},"44":{"start":{"line":96,"column":26},"end":{"line":99,"column":3}},"45":{"start":{"line":97,"column":10},"end":{"line":97,"column":43}},"46":{"start":{"line":102,"column":4},"end":{"line":158,"column":5}},"47":{"start":{"line":160,"column":2},"end":{"line":169,"column":4}},"48":{"start":{"line":174,"column":27},"end":{"line":178,"column":1}},"49":{"start":{"line":175,"column":28},"end":{"line":175,"column":42}},"50":{"start":{"line":176,"column":14},"end":{"line":176,"column":28}},"51":{"start":{"line":177,"column":2},"end":{"line":177,"column":65}},"52":{"start":{"line":180,"column":21},"end":{"line":231,"column":4}},"53":{"start":{"line":181,"column":2},"end":{"line":231,"column":4}}},"fnMap":{"0":{"name":"HomePage","decl":{"start":{"line":22,"column":9},"end":{"line":22,"column":17}},"loc":{"start":{"line":22,"column":20},"end":{"line":170,"column":1}},"line":22},"1":{"name":"(anonymous_1)","decl":{"start":{"line":30,"column":38},"end":{"line":30,"column":39}},"loc":{"start":{"line":30,"column":50},"end":{"line":34,"column":3}},"line":30},"2":{"name":"(anonymous_2)","decl":{"start":{"line":36,"column":31},"end":{"line":36,"column":32}},"loc":{"start":{"line":36,"column":37},"end":{"line":36,"column":57}},"line":36},"3":{"name":"(anonymous_3)","decl":{"start":{"line":37,"column":34},"end":{"line":37,"column":35}},"loc":{"start":{"line":37,"column":40},"end":{"line":37,"column":65}},"line":37},"4":{"name":"(anonymous_4)","decl":{"start":{"line":39,"column":41},"end":{"line":39,"column":42}},"loc":{"start":{"line":39,"column":47},"end":{"line":43,"column":3}},"line":39},"5":{"name":"(anonymous_5)","decl":{"start":{"line":45,"column":41},"end":{"line":45,"column":42}},"loc":{"start":{"line":45,"column":93},"end":{"line":49,"column":3}},"line":45},"6":{"name":"(anonymous_6)","decl":{"start":{"line":48,"column":21},"end":{"line":48,"column":22}},"loc":{"start":{"line":48,"column":30},"end":{"line":48,"column":69}},"line":48},"7":{"name":"(anonymous_7)","decl":{"start":{"line":51,"column":40},"end":{"line":51,"column":41}},"loc":{"start":{"line":51,"column":46},"end":{"line":53,"column":3}},"line":51},"8":{"name":"(anonymous_8)","decl":{"start":{"line":56,"column":4},"end":{"line":56,"column":5}},"loc":{"start":{"line":56,"column":10},"end":{"line":56,"column":81}},"line":56},"9":{"name":"(anonymous_9)","decl":{"start":{"line":56,"column":37},"end":{"line":56,"column":38}},"loc":{"start":{"line":56,"column":52},"end":{"line":56,"column":79}},"line":56},"10":{"name":"(anonymous_10)","decl":{"start":{"line":60,"column":4},"end":{"line":60,"column":5}},"loc":{"start":{"line":60,"column":10},"end":{"line":60,"column":85}},"line":60},"11":{"name":"(anonymous_11)","decl":{"start":{"line":60,"column":36},"end":{"line":60,"column":37}},"loc":{"start":{"line":60,"column":51},"end":{"line":60,"column":83}},"line":60},"12":{"name":"(anonymous_12)","decl":{"start":{"line":65,"column":4},"end":{"line":65,"column":5}},"loc":{"start":{"line":65,"column":10},"end":{"line":65,"column":61}},"line":65},"13":{"name":"(anonymous_13)","decl":{"start":{"line":69,"column":33},"end":{"line":69,"column":34}},"loc":{"start":{"line":69,"column":39},"end":{"line":75,"column":3}},"line":69},"14":{"name":"(anonymous_14)","decl":{"start":{"line":73,"column":36},"end":{"line":73,"column":37}},"loc":{"start":{"line":73,"column":45},"end":{"line":73,"column":90}},"line":73},"15":{"name":"(anonymous_15)","decl":{"start":{"line":78,"column":4},"end":{"line":78,"column":5}},"loc":{"start":{"line":78,"column":52},"end":{"line":90,"column":5}},"line":78},"16":{"name":"(anonymous_16)","decl":{"start":{"line":86,"column":19},"end":{"line":86,"column":20}},"loc":{"start":{"line":86,"column":25},"end":{"line":86,"column":98}},"line":86},"17":{"name":"(anonymous_17)","decl":{"start":{"line":94,"column":45},"end":{"line":94,"column":46}},"loc":{"start":{"line":94,"column":71},"end":{"line":94,"column":86}},"line":94},"18":{"name":"(anonymous_18)","decl":{"start":{"line":97,"column":4},"end":{"line":97,"column":5}},"loc":{"start":{"line":97,"column":10},"end":{"line":97,"column":43}},"line":97},"19":{"name":"(anonymous_19)","decl":{"start":{"line":174,"column":27},"end":{"line":174,"column":28}},"loc":{"start":{"line":174,"column":52},"end":{"line":178,"column":1}},"line":174},"20":{"name":"(anonymous_20)","decl":{"start":{"line":180,"column":21},"end":{"line":180,"column":22}},"loc":{"start":{"line":181,"column":2},"end":{"line":231,"column":4}},"line":181}},"branchMap":{"0":{"loc":{"start":{"line":40,"column":4},"end":{"line":42,"column":5}},"type":"if","locations":[{"start":{"line":40,"column":4},"end":{"line":42,"column":5}},{"start":{},"end":{}}],"line":40},"1":{"loc":{"start":{"line":48,"column":30},"end":{"line":48,"column":69}},"type":"cond-expr","locations":[{"start":{"line":48,"column":52},"end":{"line":48,"column":56}},{"start":{"line":48,"column":59},"end":{"line":48,"column":69}}],"line":48},"2":{"loc":{"start":{"line":70,"column":4},"end":{"line":70,"column":53}},"type":"if","locations":[{"start":{"line":70,"column":4},"end":{"line":70,"column":53}},{"start":{},"end":{}}],"line":70},"3":{"loc":{"start":{"line":70,"column":8},"end":{"line":70,"column":38}},"type":"binary-expr","locations":[{"start":{"line":70,"column":8},"end":{"line":70,"column":16}},{"start":{"line":70,"column":20},"end":{"line":70,"column":38}}],"line":70},"4":{"loc":{"start":{"line":79,"column":6},"end":{"line":81,"column":7}},"type":"if","locations":[{"start":{"line":79,"column":6},"end":{"line":81,"column":7}},{"start":{},"end":{}}],"line":79},"5":{"loc":{"start":{"line":102,"column":4},"end":{"line":158,"column":5}},"type":"cond-expr","locations":[{"start":{"line":103,"column":6},"end":{"line":123,"column":8}},{"start":{"line":125,"column":6},"end":{"line":157,"column":8}}],"line":102},"6":{"loc":{"start":{"line":102,"column":4},"end":{"line":102,"column":33}},"type":"binary-expr","locations":[{"start":{"line":102,"column":4},"end":{"line":102,"column":11}},{"start":{"line":102,"column":15},"end":{"line":102,"column":33}}],"line":102},"7":{"loc":{"start":{"line":163,"column":7},"end":{"line":167,"column":7}},"type":"binary-expr","locations":[{"start":{"line":163,"column":7},"end":{"line":163,"column":20}},{"start":{"line":164,"column":8},"end":{"line":166,"column":20}}],"line":163}},"s":{"0":0,"1":0,"2":0,"3":0,"4":0,"5":0,"6":0,"7":0,"8":0,"9":0,"10":0,"11":0,"12":0,"13":0,"14":0,"15":0,"16":0,"17":0,"18":0,"19":0,"20":0,"21":0,"22":0,"23":0,"24":0,"25":0,"26":0,"27":0,"28":0,"29":0,"30":0,"31":0,"32":0,"33":0,"34":0,"35":0,"36":0,"37":0,"38":0,"39":0,"40":0,"41":0,"42":0,"43":0,"44":0,"45":0,"46":0,"47":0,"48":0,"49":0,"50":0,"51":0,"52":0,"53":0},"f":{"0":0,"1":0,"2":0,"3":0,"4":0,"5":0,"6":0,"7":0,"8":0,"9":0,"10":0,"11":0,"12":0,"13":0,"14":0,"15":0,"16":0,"17":0,"18":0,"19":0,"20":0},"b":{"0":[0,0],"1":[0,0],"2":[0,0],"3":[0,0],"4":[0,0],"5":[0,0],"6":[0,0],"7":[0,0]}}
}
