TN:
SF:app/App.tsx
FN:3,App
FNF:1
FNH:0
FNDA:0,App
DA:4,0
LF:1
LH:0
BRF:0
BRH:0
end_of_record
TN:
SF:app/_layout.tsx
FN:9,ThemedSafeAreaView
FN:21,RootLayout
FNF:2
FNH:0
FNDA:0,ThemedSafeAreaView
FNDA:0,RootLayout
DA:10,0
DA:11,0
DA:22,0
LF:3
LH:0
BRF:0
BRH:0
end_of_record
TN:
SF:app/auth.tsx
FN:7,AuthPage
FN:11,(anonymous_1)
FNF:2
FNH:0
FNDA:0,AuthPage
FNDA:0,(anonymous_1)
DA:8,0
DA:9,0
DA:11,0
DA:12,0
DA:15,0
DA:22,0
LF:6
LH:0
BRF:0
BRH:0
end_of_record
TN:
SF:app/index.tsx
FNF:0
FNH:0
LF:0
LH:0
BRF:0
BRH:0
end_of_record
TN:
SF:app/(tabs)/_layout.tsx
FN:7,TabLayout
FN:49,(anonymous_1)
FN:58,(anonymous_2)
FN:67,(anonymous_3)
FN:80,(anonymous_4)
FN:89,(anonymous_5)
FNF:6
FNH:0
FNDA:0,TabLayout
FNDA:0,(anonymous_1)
FNDA:0,(anonymous_2)
FNDA:0,(anonymous_3)
FNDA:0,(anonymous_4)
FNDA:0,(anonymous_5)
DA:8,0
DA:9,0
DA:11,0
DA:12,0
DA:15,0
DA:16,0
DA:19,0
DA:50,0
DA:59,0
DA:68,0
DA:81,0
DA:90,0
LF:12
LH:0
BRDA:11,0,0,0
BRDA:11,0,1,0
BRDA:15,1,0,0
BRDA:15,1,1,0
BRDA:50,2,0,0
BRDA:50,2,1,0
BRDA:59,3,0,0
BRDA:59,3,1,0
BRDA:69,4,0,0
BRDA:69,4,1,0
BRDA:81,5,0,0
BRDA:81,5,1,0
BRDA:90,6,0,0
BRDA:90,6,1,0
BRF:14
BRH:0
end_of_record
TN:
SF:app/(tabs)/account.tsx
FNF:0
FNH:0
LF:0
LH:0
BRF:0
BRH:0
end_of_record
TN:
SF:app/(tabs)/add.tsx
FN:11,AddTabPage
FN:16,(anonymous_1)
FN:38,(anonymous_2)
FN:46,(anonymous_3)
FNF:4
FNH:0
FNDA:0,AddTabPage
FNDA:0,(anonymous_1)
FNDA:0,(anonymous_2)
FNDA:0,(anonymous_3)
DA:12,0
DA:13,0
DA:14,0
DA:16,0
DA:17,0
DA:18,0
DA:19,0
DA:20,0
DA:21,0
DA:25,0
DA:30,0
DA:33,0
DA:34,0
DA:38,0
DA:40,0
DA:42,0
DA:46,0
LF:17
LH:0
BRDA:20,0,0,0
BRDA:20,0,1,0
BRDA:33,1,0,0
BRDA:33,1,1,0
BRF:4
BRH:0
end_of_record
TN:
SF:app/(tabs)/friends.tsx
FNF:0
FNH:0
LF:0
LH:0
BRF:0
BRH:0
end_of_record
TN:
SF:app/(tabs)/history.tsx
FNF:0
FNH:0
LF:0
LH:0
BRF:0
BRH:0
end_of_record
TN:
SF:app/(tabs)/index.tsx
FNF:0
FNH:0
LF:0
LH:0
BRF:0
BRH:0
end_of_record
TN:
SF:app/media/[id].tsx
FN:22,MediaDetailsPage
FN:27,(anonymous_1)
FN:28,(anonymous_2)
FN:34,(anonymous_3)
FN:93,(anonymous_4)
FN:116,(anonymous_5)
FN:121,(anonymous_6)
FN:139,(anonymous_7)
FN:141,(anonymous_8)
FN:147,(anonymous_9)
FN:164,(anonymous_10)
FNF:11
FNH:0
FNDA:0,MediaDetailsPage
FNDA:0,(anonymous_1)
FNDA:0,(anonymous_2)
FNDA:0,(anonymous_3)
FNDA:0,(anonymous_4)
FNDA:0,(anonymous_5)
FNDA:0,(anonymous_6)
FNDA:0,(anonymous_7)
FNDA:0,(anonymous_8)
FNDA:0,(anonymous_9)
FNDA:0,(anonymous_10)
DA:20,0
DA:23,0
DA:24,0
DA:25,0
DA:26,0
DA:27,0
DA:28,0
DA:29,0
DA:30,0
DA:34,0
DA:40,0
DA:41,0
DA:51,0
DA:52,0
DA:64,0
DA:65,0
DA:67,0
DA:94,0
DA:117,0
DA:122,0
DA:139,0
DA:142,0
DA:147,0
DA:164,0
DA:165,0
LF:25
LH:0
BRDA:25,0,0,0
BRDA:25,0,1,0
BRDA:29,1,0,0
BRDA:29,1,1,0
BRDA:40,2,0,0
BRDA:40,2,1,0
BRDA:40,3,0,0
BRDA:40,3,1,0
BRDA:51,4,0,0
BRDA:51,4,1,0
BRDA:57,5,0,0
BRDA:57,5,1,0
BRDA:79,6,0,0
BRDA:79,6,1,0
BRDA:86,7,0,0
BRDA:86,7,1,0
BRDA:86,8,0,0
BRDA:86,8,1,0
BRDA:91,9,0,0
BRDA:91,9,1,0
BRDA:106,10,0,0
BRDA:106,10,1,0
BRDA:112,11,0,0
BRDA:112,11,1,0
BRDA:112,12,0,0
BRDA:112,12,1,0
BRDA:132,13,0,0
BRDA:132,13,1,0
BRF:28
BRH:0
end_of_record
TN:
SF:lib/AuthContext.tsx
FN:21,AuthProvider
FN:25,(anonymous_1)
FN:31,(anonymous_2)
FN:36,(anonymous_3)
FN:41,(anonymous_4)
FN:52,useAuth
FNF:6
FNH:0
FNDA:0,AuthProvider
FNDA:0,(anonymous_1)
FNDA:0,(anonymous_2)
FNDA:0,(anonymous_3)
FNDA:0,(anonymous_4)
FNDA:0,useAuth
DA:19,0
DA:22,0
DA:23,0
DA:25,0
DA:26,0
DA:27,0
DA:28,0
DA:31,0
DA:32,0
DA:33,0
DA:36,0
DA:37,0
DA:38,0
DA:41,0
DA:42,0
DA:45,0
DA:53,0
DA:54,0
DA:55,0
DA:57,0
LF:20
LH:0
BRDA:54,0,0,0
BRDA:54,0,1,0
BRF:2
BRH:0
end_of_record
TN:
SF:lib/MediaContext.tsx
FN:11,MediaProvider
FN:14,(anonymous_1)
FN:16,(anonymous_2)
FN:17,(anonymous_3)
FN:26,useMedia
FNF:5
FNH:0
FNDA:0,MediaProvider
FNDA:0,(anonymous_1)
FNDA:0,(anonymous_2)
FNDA:0,(anonymous_3)
FNDA:0,useMedia
DA:9,0
DA:12,0
DA:14,0
DA:15,0
DA:16,0
DA:17,0
DA:18,0
DA:19,0
DA:20,0
DA:23,0
DA:27,0
DA:28,0
DA:29,0
DA:31,0
LF:14
LH:0
BRDA:16,0,0,0
BRDA:16,0,1,0
BRDA:18,1,0,0
BRDA:18,1,1,0
BRDA:28,2,0,0
BRDA:28,2,1,0
BRF:6
BRH:0
end_of_record
TN:
SF:lib/apolloClient.ts
FN:7,(anonymous_0)
FNF:1
FNH:0
FNDA:0,(anonymous_0)
DA:5,0
DA:7,0
DA:8,0
DA:9,0
DA:17,0
LF:5
LH:0
BRDA:5,0,0,0
BRDA:5,0,1,0
BRDA:12,1,0,0
BRDA:12,1,1,0
BRF:4
BRH:0
end_of_record
TN:
SF:lib/auth.ts
FN:21,loginWithAuth0
FN:62,getAccessToken
FN:66,logout
FNF:3
FNH:0
FNDA:0,loginWithAuth0
FNDA:0,getAccessToken
FNDA:0,logout
DA:4,0
DA:6,0
DA:7,0
DA:8,0
DA:10,0
DA:11,0
DA:14,0
DA:22,0
DA:26,0
DA:37,0
DA:38,0
DA:39,0
DA:42,0
DA:54,0
DA:55,0
DA:58,0
DA:59,0
DA:63,0
DA:67,0
LF:19
LH:0
BRDA:10,0,0,0
BRDA:10,0,1,0
BRDA:10,1,0,0
BRDA:10,1,1,0
BRDA:10,1,2,0
BRDA:27,2,0,0
BRDA:27,2,1,0
BRDA:32,3,0,0
BRDA:32,3,1,0
BRDA:38,4,0,0
BRDA:38,4,1,0
BRDA:38,5,0,0
BRDA:38,5,1,0
BRDA:44,6,0,0
BRDA:44,6,1,0
BRDA:48,7,0,0
BRDA:48,7,1,0
BRDA:54,8,0,0
BRDA:54,8,1,0
BRF:19
BRH:0
end_of_record
TN:
SF:lib/createActivity.ts
FN:16,getDefaultUrl
FN:26,createActivity
FNF:2
FNH:0
FNDA:0,getDefaultUrl
FNDA:0,createActivity
DA:17,0
DA:18,0
DA:19,0
DA:22,0
DA:30,0
DA:31,0
DA:32,0
DA:42,0
DA:43,0
DA:44,0
DA:47,0
LF:11
LH:0
BRDA:18,0,0,0
BRDA:18,0,1,0
BRDA:30,1,0,0
BRDA:30,1,1,0
BRDA:36,2,0,0
BRDA:36,2,1,0
BRDA:43,3,0,0
BRDA:43,3,1,0
BRDA:47,4,0,0
BRDA:47,4,1,0
BRF:10
BRH:0
end_of_record
TN:
SF:lib/createMedia.ts
FN:4,parseDuration
FN:23,formatDate
FN:29,emptyToNull
FN:34,getDefaultUrl
FN:89,createMedia
FNF:5
FNH:0
FNDA:0,parseDuration
FNDA:0,formatDate
FNDA:0,emptyToNull
FNDA:0,getDefaultUrl
FNDA:0,createMedia
DA:5,0
DA:7,0
DA:8,0
DA:9,0
DA:11,0
DA:12,0
DA:15,0
DA:16,0
DA:17,0
DA:20,0
DA:24,0
DA:25,0
DA:30,0
DA:31,0
DA:37,0
DA:38,0
DA:41,0
DA:44,0
DA:93,0
DA:95,0
DA:96,0
DA:98,0
DA:99,0
DA:100,0
DA:103,0
DA:106,0
DA:115,0
DA:116,0
DA:122,0
DA:123,0
DA:129,0
DA:130,0
DA:136,0
DA:137,0
DA:144,0
DA:149,0
DA:150,0
DA:160,0
DA:161,0
DA:163,0
DA:166,0
LF:41
LH:0
BRDA:5,0,0,0
BRDA:5,0,1,0
BRDA:11,1,0,0
BRDA:11,1,1,0
BRDA:12,2,0,0
BRDA:12,2,1,0
BRDA:15,3,0,0
BRDA:15,3,1,0
BRDA:15,4,0,0
BRDA:15,4,1,0
BRDA:17,5,0,0
BRDA:17,5,1,0
BRDA:20,6,0,0
BRDA:20,6,1,0
BRDA:24,7,0,0
BRDA:24,7,1,0
BRDA:30,8,0,0
BRDA:30,8,1,0
BRDA:30,9,0,0
BRDA:30,9,1,0
BRDA:38,10,0,0
BRDA:38,10,1,0
BRDA:95,11,0,0
BRDA:95,11,1,0
BRDA:95,12,0,0
BRDA:95,12,1,0
BRDA:99,13,0,0
BRDA:99,13,1,0
BRDA:103,14,0,0
BRDA:103,14,1,0
BRDA:111,15,0,0
BRDA:111,15,1,0
BRDA:111,16,0,0
BRDA:111,16,1,0
BRDA:115,17,0,0
BRDA:115,17,1,0
BRDA:122,18,0,0
BRDA:122,18,1,0
BRDA:126,19,0,0
BRDA:126,19,1,0
BRDA:129,20,0,0
BRDA:129,20,1,0
BRDA:133,21,0,0
BRDA:133,21,1,0
BRDA:133,22,0,0
BRDA:133,22,1,0
BRDA:136,23,0,0
BRDA:136,23,1,0
BRDA:154,24,0,0
BRDA:154,24,1,0
BRDA:161,25,0,0
BRDA:161,25,1,0
BRDA:166,26,0,0
BRDA:166,26,1,0
BRF:54
BRH:0
end_of_record
TN:
SF:lib/graphql.ts
FNF:0
FNH:0
DA:3,1
DA:16,1
DA:62,1
DA:80,1
DA:189,1
DA:307,1
DA:319,1
DA:328,1
LF:8
LH:8
BRF:0
BRH:0
end_of_record
TN:
SF:lib/logger.ts
FN:1,logError
FN:13,logInfo
FNF:2
FNH:2
FNDA:3,logError
FNDA:4,logInfo
DA:3,3
DA:6,1
DA:10,2
DA:14,4
DA:15,3
LF:5
LH:5
BRDA:3,0,0,1
BRDA:3,0,1,2
BRDA:14,1,0,3
BRDA:14,1,1,1
BRF:4
BRH:4
end_of_record
TN:
SF:src/types.ts
FNF:0
FNH:0
LF:0
LH:0
BRF:0
BRH:0
end_of_record
TN:
SF:src/components/FilterPanel.tsx
FN:20,FilterPanel
FN:77,(anonymous_1)
FN:80,(anonymous_2)
FNF:3
FNH:0
FNDA:0,FilterPanel
FNDA:0,(anonymous_1)
FNDA:0,(anonymous_2)
DA:29,0
DA:31,0
DA:53,0
DA:78,0
DA:79,0
DA:80,0
LF:6
LH:0
BRDA:81,0,0,0
BRDA:81,0,1,0
BRF:2
BRH:0
end_of_record
TN:
SF:src/components/MediaCard.tsx
FN:21,MediaCard
FN:32,(anonymous_1)
FN:64,(anonymous_2)
FN:84,(anonymous_3)
FNF:4
FNH:0
FNDA:0,MediaCard
FNDA:0,(anonymous_1)
FNDA:0,(anonymous_2)
FNDA:0,(anonymous_3)
DA:31,0
DA:32,0
DA:34,0
DA:65,0
DA:79,0
DA:80,0
DA:84,0
DA:85,0
LF:8
LH:0
BRDA:53,0,0,0
BRDA:53,0,1,0
BRF:2
BRH:0
end_of_record
TN:
SF:src/components/MediaCardSkeleton.tsx
FN:17,MediaCardSkeleton
FN:22,(anonymous_1)
FN:33,(anonymous_2)
FN:36,(anonymous_3)
FN:74,Shimmer
FN:93,(anonymous_5)
FNF:6
FNH:0
FNDA:0,MediaCardSkeleton
FNDA:0,(anonymous_1)
FNDA:0,(anonymous_2)
FNDA:0,(anonymous_3)
FNDA:0,Shimmer
FNDA:0,(anonymous_5)
DA:15,0
DA:18,0
DA:19,0
DA:20,0
DA:22,0
DA:23,0
DA:24,0
DA:32,0
DA:33,0
DA:36,0
DA:38,0
DA:81,0
DA:93,0
DA:94,0
DA:162,0
DA:163,0
LF:16
LH:0
BRF:0
BRH:0
end_of_record
TN:
SF:src/components/MediaCoverCard.tsx
FN:15,MediaCoverCard
FN:23,(anonymous_1)
FN:41,(anonymous_2)
FNF:3
FNH:0
FNDA:0,MediaCoverCard
FNDA:0,(anonymous_1)
FNDA:0,(anonymous_2)
DA:22,0
DA:23,0
DA:25,0
DA:41,0
DA:42,0
LF:5
LH:0
BRDA:19,0,0,0
BRF:1
BRH:0
end_of_record
TN:
SF:src/components/MediaCoverSkeleton.tsx
FN:14,MediaCoverSkeleton
FN:18,(anonymous_1)
FN:29,(anonymous_2)
FN:32,(anonymous_3)
FN:50,(anonymous_4)
FNF:5
FNH:0
FNDA:0,MediaCoverSkeleton
FNDA:0,(anonymous_1)
FNDA:0,(anonymous_2)
FNDA:0,(anonymous_3)
FNDA:0,(anonymous_4)
DA:7,0
DA:15,0
DA:16,0
DA:18,0
DA:19,0
DA:20,0
DA:28,0
DA:29,0
DA:32,0
DA:34,0
DA:50,0
DA:51,0
LF:12
LH:0
BRDA:14,0,0,0
BRF:1
BRH:0
end_of_record
TN:
SF:src/components/figma/ImageWithFallback.tsx
FN:16,ImageWithFallback
FN:26,(anonymous_1)
FNF:2
FNH:0
FNDA:0,ImageWithFallback
FNDA:0,(anonymous_1)
DA:7,0
DA:23,0
DA:24,0
DA:26,0
DA:27,0
DA:30,0
DA:31,0
DA:47,0
LF:8
LH:0
BRDA:20,0,0,0
BRDA:30,1,0,0
BRDA:30,1,1,0
BRF:3
BRH:0
end_of_record
TN:
SF:src/components/ui/ThemeProvider.tsx
FN:24,(anonymous_0)
FN:27,(anonymous_1)
FN:33,(anonymous_2)
FN:34,(anonymous_3)
FN:45,(anonymous_4)
FN:48,(anonymous_5)
FN:51,(anonymous_6)
FN:61,(anonymous_7)
FN:70,(anonymous_8)
FNF:9
FNH:0
FNDA:0,(anonymous_0)
FNDA:0,(anonymous_1)
FNDA:0,(anonymous_2)
FNDA:0,(anonymous_3)
FNDA:0,(anonymous_4)
FNDA:0,(anonymous_5)
FNDA:0,(anonymous_6)
FNDA:0,(anonymous_7)
FNDA:0,(anonymous_8)
DA:9,0
DA:18,0
DA:20,0
DA:27,0
DA:28,0
DA:29,0
DA:33,0
DA:34,0
DA:35,0
DA:36,0
DA:37,0
DA:38,0
DA:45,0
DA:46,0
DA:48,0
DA:51,0
DA:52,0
DA:53,0
DA:57,0
DA:60,0
DA:61,0
DA:63,0
DA:70,0
LF:23
LH:0
BRDA:30,0,0,0
BRDA:30,0,1,0
BRDA:37,1,0,0
BRDA:37,1,1,0
BRDA:37,2,0,0
BRDA:37,2,1,0
BRDA:37,2,2,0
BRDA:46,3,0,0
BRDA:46,3,1,0
BRDA:60,4,0,0
BRDA:60,4,1,0
BRDA:61,5,0,0
BRDA:61,5,1,0
BRF:13
BRH:0
end_of_record
TN:
SF:src/components/ui/avatar.tsx
FN:25,Avatar
FN:63,AvatarImage
FN:68,AvatarFallback
FNF:3
FNH:0
FNDA:0,Avatar
FNDA:0,AvatarImage
FNDA:0,AvatarFallback
DA:26,0
DA:27,0
DA:46,0
DA:48,0
DA:49,0
DA:52,0
DA:64,0
DA:65,0
DA:69,0
DA:72,0
LF:10
LH:0
BRDA:25,0,0,0
BRDA:25,1,0,0
BRDA:48,2,0,0
BRDA:48,2,1,0
BRDA:54,3,0,0
BRDA:54,3,1,0
BRF:6
BRH:0
end_of_record
TN:
SF:src/components/ui/badge.tsx
FN:15,Badge
FNF:1
FNH:0
FNDA:0,Badge
DA:16,0
DA:18,0
DA:35,0
DA:50,0
DA:51,0
DA:53,0
DA:54,0
DA:56,0
DA:61,0
LF:9
LH:0
BRDA:15,0,0,0
BRDA:53,1,0,0
BRDA:53,1,1,0
BRF:3
BRH:0
end_of_record
TN:
SF:src/components/ui/button.tsx
FN:19,Button
FNF:1
FNH:0
FNDA:0,Button
DA:27,0
DA:29,0
DA:52,0
DA:72,0
DA:94,0
DA:110,0
DA:118,0
DA:125,0
DA:134,0
LF:9
LH:0
BRDA:20,0,0,0
BRDA:21,1,0,0
BRDA:22,2,0,0
BRDA:114,3,0,0
BRDA:114,3,1,0
BRDA:122,4,0,0
BRDA:122,4,1,0
BRDA:126,5,0,0
BRDA:126,5,1,0
BRDA:127,6,0,0
BRDA:127,6,1,0
BRF:11
BRH:0
end_of_record
TN:
SF:src/components/ui/card.tsx
FN:12,Card
FNF:1
FNH:0
FNDA:0,Card
DA:13,0
DA:14,0
DA:27,0
DA:29,0
LF:4
LH:0
BRF:0
BRH:0
end_of_record
TN:
SF:src/components/ui/input.tsx
FN:19,Input
FNF:1
FNH:0
FNDA:0,Input
DA:31,0
DA:33,0
DA:50,0
DA:52,0
LF:4
LH:0
BRDA:25,0,0,0
BRDA:26,1,0,0
BRDA:27,2,0,0
BRDA:28,3,0,0
BRDA:50,4,0,0
BRDA:50,4,1,0
BRF:6
BRH:0
end_of_record
TN:
SF:src/components/ui/label.tsx
FN:10,Label
FNF:1
FNH:0
FNDA:0,Label
DA:11,0
DA:12,0
DA:21,0
LF:3
LH:0
BRF:0
BRH:0
end_of_record
TN:
SF:src/components/ui/modal.tsx
FN:16,Modal
FNF:1
FNH:0
FNDA:0,Modal
DA:17,0
DA:18,0
DA:55,0
LF:3
LH:0
BRDA:64,0,0,0
BRDA:64,0,1,0
BRDA:73,1,0,0
BRDA:73,1,1,0
BRF:4
BRH:0
end_of_record
TN:
SF:src/components/ui/select.tsx
FN:31,Select
FN:36,(anonymous_1)
FN:50,SelectTrigger
FN:69,(anonymous_3)
FN:80,SelectValue
FN:88,SelectContent
FN:101,(anonymous_6)
FN:104,(anonymous_7)
FN:107,(anonymous_8)
FN:121,SelectItem
FN:137,(anonymous_10)
FNF:11
FNH:0
FNDA:0,Select
FNDA:0,(anonymous_1)
FNDA:0,SelectTrigger
FNDA:0,(anonymous_3)
FNDA:0,SelectValue
FNDA:0,SelectContent
FNDA:0,(anonymous_6)
FNDA:0,(anonymous_7)
FNDA:0,(anonymous_8)
FNDA:0,SelectItem
FNDA:0,(anonymous_10)
DA:32,0
DA:34,0
DA:37,0
DA:51,0
DA:52,0
DA:54,0
DA:68,0
DA:69,0
DA:81,0
DA:82,0
DA:85,0
DA:89,0
DA:90,0
DA:91,0
DA:100,0
DA:101,0
DA:105,0
DA:108,0
DA:109,0
DA:122,0
DA:123,0
DA:134,0
DA:137,0
LF:23
LH:0
BRDA:37,0,0,0
BRDA:37,0,1,0
BRDA:72,1,0,0
BRDA:72,1,1,0
BRDA:105,2,0,0
BRDA:105,2,1,0
BRDA:136,3,0,0
BRDA:136,3,1,0
BRDA:139,4,0,0
BRDA:139,4,1,0
BRF:10
BRH:0
end_of_record
TN:
SF:src/components/ui/separator.tsx
FN:9,Separator
FNF:1
FNH:0
FNDA:0,Separator
DA:10,0
DA:11,0
DA:25,0
LF:3
LH:0
BRDA:9,0,0,0
BRDA:27,1,0,0
BRDA:27,1,1,0
BRF:3
BRH:0
end_of_record
TN:
SF:src/components/ui/slider.tsx
FN:15,Slider
FN:19,(anonymous_1)
FN:24,(anonymous_2)
FNF:3
FNH:0
FNDA:0,Slider
FNDA:0,(anonymous_1)
FNDA:0,(anonymous_2)
DA:16,0
DA:17,0
DA:19,0
DA:20,0
DA:21,0
DA:24,0
DA:25,0
DA:26,0
DA:29,0
DA:52,0
LF:10
LH:0
BRDA:15,0,0,0
BRDA:15,1,0,0
BRDA:15,2,0,0
BRF:3
BRH:0
end_of_record
TN:
SF:src/components/ui/switch.tsx
FN:5,Switch
FNF:1
FNH:0
FNDA:0,Switch
DA:6,0
DA:7,0
LF:2
LH:0
BRDA:10,0,0,0
BRDA:10,0,1,0
BRF:2
BRH:0
end_of_record
TN:
SF:src/components/ui/tabs.tsx
FN:33,Tabs
FN:41,TabsList
FN:54,TabsTrigger
FN:83,(anonymous_3)
FN:90,TabsContent
FNF:5
FNH:0
FNDA:0,Tabs
FNDA:0,TabsList
FNDA:0,TabsTrigger
FNDA:0,(anonymous_3)
FNDA:0,TabsContent
DA:11,0
DA:34,0
DA:42,0
DA:43,0
DA:51,0
DA:55,0
DA:56,0
DA:58,0
DA:59,0
DA:60,0
DA:61,0
DA:80,0
DA:83,0
DA:91,0
DA:92,0
DA:94,0
DA:95,0
DA:97,0
LF:18
LH:0
BRDA:56,0,0,0
BRDA:56,0,1,0
BRDA:82,1,0,0
BRDA:82,1,1,0
BRDA:92,2,0,0
BRDA:92,2,1,0
BRDA:95,3,0,0
BRDA:95,3,1,0
BRF:8
BRH:0
end_of_record
TN:
SF:src/components/ui/tokens.ts
FNF:0
FNH:0
DA:3,1
DA:44,1
DA:87,1
DA:92,1
DA:99,1
DA:108,1
LF:6
LH:6
BRF:0
BRH:0
end_of_record
TN:
SF:src/components/ui/utils.ts
FN:5,cn
FNF:1
FNH:1
FNDA:8,cn
DA:6,8
LF:1
LH:1
BRF:0
BRH:0
end_of_record
TN:
SF:src/hooks/useHomeMedia.ts
FN:36,useHomeMedia
FN:44,(anonymous_1)
FN:47,(anonymous_2)
FN:48,(anonymous_3)
FN:50,(anonymous_4)
FN:63,(anonymous_5)
FN:71,(anonymous_6)
FN:73,(anonymous_7)
FN:94,(anonymous_8)
FN:99,(anonymous_9)
FN:102,(anonymous_10)
FN:105,(anonymous_11)
FN:107,(anonymous_12)
FN:110,(anonymous_13)
FN:119,(anonymous_14)
FN:133,normalizePageSize
FNF:16
FNH:0
FNDA:0,useHomeMedia
FNDA:0,(anonymous_1)
FNDA:0,(anonymous_2)
FNDA:0,(anonymous_3)
FNDA:0,(anonymous_4)
FNDA:0,(anonymous_5)
FNDA:0,(anonymous_6)
FNDA:0,(anonymous_7)
FNDA:0,(anonymous_8)
FNDA:0,(anonymous_9)
FNDA:0,(anonymous_10)
FNDA:0,(anonymous_11)
FNDA:0,(anonymous_12)
FNDA:0,(anonymous_13)
FNDA:0,(anonymous_14)
FNDA:0,normalizePageSize
DA:6,0
DA:37,0
DA:38,0
DA:42,0
DA:44,0
DA:45,0
DA:46,0
DA:47,0
DA:48,0
DA:49,0
DA:51,0
DA:57,0
DA:58,0
DA:62,0
DA:63,0
DA:71,0
DA:73,0
DA:95,0
DA:96,0
DA:97,0
DA:99,0
DA:102,0
DA:103,0
DA:105,0
DA:106,0
DA:107,0
DA:110,0
DA:111,0
DA:112,0
DA:113,0
DA:115,0
DA:119,0
DA:120,0
DA:123,0
DA:134,0
DA:135,0
LF:36
LH:0
BRDA:36,0,0,0
BRDA:45,1,0,0
BRDA:45,1,1,0
BRDA:46,2,0,0
BRDA:46,2,1,0
BRDA:51,3,0,0
BRDA:51,3,1,0
BRDA:51,3,2,0
BRDA:51,3,3,0
BRDA:51,3,4,0
BRDA:65,4,0,0
BRDA:65,4,1,0
BRDA:67,5,0,0
BRDA:67,5,1,0
BRDA:68,6,0,0
BRDA:68,6,1,0
BRDA:69,7,0,0
BRDA:69,7,1,0
BRDA:70,8,0,0
BRDA:70,8,1,0
BRDA:72,9,0,0
BRDA:72,9,1,0
BRDA:74,10,0,0
BRDA:74,10,1,0
BRDA:77,11,0,0
BRDA:77,11,1,0
BRDA:81,12,0,0
BRDA:81,12,1,0
BRDA:83,13,0,0
BRDA:83,13,1,0
BRDA:85,14,0,0
BRDA:85,14,1,0
BRDA:87,15,0,0
BRDA:87,15,1,0
BRDA:89,16,0,0
BRDA:89,16,1,0
BRDA:92,17,0,0
BRDA:92,17,1,0
BRDA:95,18,0,0
BRDA:95,18,1,0
BRDA:96,19,0,0
BRDA:96,19,1,0
BRDA:106,20,0,0
BRDA:106,20,1,0
BRDA:134,21,0,0
BRDA:134,21,1,0
BRF:46
BRH:0
end_of_record
TN:
SF:src/hooks/useMediaDetails.ts
FN:25,useMediaDetails
FN:35,(anonymous_1)
FN:67,mapMediaType
FN:82,extractGenres
FN:85,(anonymous_4)
FN:88,(anonymous_5)
FN:109,(anonymous_6)
FN:114,extractActors
FN:120,formatDuration
FN:134,buildMeta
FN:150,normalizeTag
FN:154,buildRelatedMedia
FN:157,(anonymous_12)
FN:171,(anonymous_13)
FN:178,(anonymous_14)
FN:186,(anonymous_15)
FNF:16
FNH:0
FNDA:0,useMediaDetails
FNDA:0,(anonymous_1)
FNDA:0,mapMediaType
FNDA:0,extractGenres
FNDA:0,(anonymous_4)
FNDA:0,(anonymous_5)
FNDA:0,(anonymous_6)
FNDA:0,extractActors
FNDA:0,formatDuration
FNDA:0,buildMeta
FNDA:0,normalizeTag
FNDA:0,buildRelatedMedia
FNDA:0,(anonymous_12)
FNDA:0,(anonymous_13)
FNDA:0,(anonymous_14)
FNDA:0,(anonymous_15)
DA:26,0
DA:35,0
DA:36,0
DA:37,0
DA:38,0
DA:54,0
DA:64,0
DA:68,0
DA:70,0
DA:72,0
DA:74,0
DA:76,0
DA:78,0
DA:83,0
DA:84,0
DA:85,0
DA:87,0
DA:88,0
DA:90,0
DA:91,0
DA:93,0
DA:94,0
DA:96,0
DA:97,0
DA:99,0
DA:100,0
DA:102,0
DA:103,0
DA:105,0
DA:106,0
DA:108,0
DA:109,0
DA:111,0
DA:115,0
DA:116,0
DA:117,0
DA:121,0
DA:122,0
DA:124,0
DA:125,0
DA:126,0
DA:128,0
DA:129,0
DA:131,0
DA:135,0
DA:136,0
DA:137,0
DA:138,0
DA:139,0
DA:142,0
DA:143,0
DA:145,0
DA:146,0
DA:148,0
DA:151,0
DA:155,0
DA:156,0
DA:158,0
DA:166,0
DA:170,0
DA:171,0
DA:178,0
DA:187,0
DA:188,0
DA:189,0
DA:190,0
DA:193,0
LF:67
LH:0
BRDA:29,0,0,0
BRDA:29,0,1,0
BRDA:36,1,0,0
BRDA:36,1,1,0
BRDA:40,2,0,0
BRDA:40,2,1,0
BRDA:42,3,0,0
BRDA:42,3,1,0
BRDA:43,4,0,0
BRDA:43,4,1,0
BRDA:44,5,0,0
BRDA:44,5,1,0
BRDA:46,6,0,0
BRDA:46,6,1,0
BRDA:50,7,0,0
BRDA:50,7,1,0
BRDA:57,8,0,0
BRDA:57,8,1,0
BRDA:58,9,0,0
BRDA:58,9,1,0
BRDA:59,10,0,0
BRDA:59,10,1,0
BRDA:68,11,0,0
BRDA:68,11,1,0
BRDA:68,11,2,0
BRDA:68,11,3,0
BRDA:68,11,4,0
BRDA:84,12,0,0
BRDA:84,12,1,0
BRDA:87,13,0,0
BRDA:87,13,1,0
BRDA:90,14,0,0
BRDA:90,14,1,0
BRDA:93,15,0,0
BRDA:93,15,1,0
BRDA:96,16,0,0
BRDA:96,16,1,0
BRDA:99,17,0,0
BRDA:99,17,1,0
BRDA:102,18,0,0
BRDA:102,18,1,0
BRDA:105,19,0,0
BRDA:105,19,1,0
BRDA:108,20,0,0
BRDA:108,20,1,0
BRDA:115,21,0,0
BRDA:115,21,1,0
BRDA:116,22,0,0
BRDA:116,22,1,0
BRDA:121,23,0,0
BRDA:121,23,1,0
BRDA:124,24,0,0
BRDA:124,24,1,0
BRDA:128,25,0,0
BRDA:128,25,1,0
BRDA:135,26,0,0
BRDA:135,26,1,0
BRDA:136,27,0,0
BRDA:136,27,1,0
BRDA:137,28,0,0
BRDA:137,28,1,0
BRDA:138,29,0,0
BRDA:138,29,1,0
BRDA:138,30,0,0
BRDA:138,30,1,0
BRDA:142,31,0,0
BRDA:142,31,1,0
BRDA:142,32,0,0
BRDA:142,32,1,0
BRDA:145,33,0,0
BRDA:145,33,1,0
BRDA:145,34,0,0
BRDA:145,34,1,0
BRDA:158,35,0,0
BRDA:158,35,1,0
BRDA:158,35,2,0
BRDA:158,35,3,0
BRDA:158,35,4,0
BRDA:158,35,5,0
BRDA:158,35,6,0
BRDA:173,36,0,0
BRDA:173,36,1,0
BRDA:175,37,0,0
BRDA:175,37,1,0
BRDA:176,38,0,0
BRDA:176,38,1,0
BRDA:177,39,0,0
BRDA:177,39,1,0
BRDA:179,40,0,0
BRDA:179,40,1,0
BRDA:183,41,0,0
BRDA:183,41,1,0
BRDA:187,42,0,0
BRDA:187,42,1,0
BRDA:187,43,0,0
BRDA:187,43,1,0
BRDA:188,44,0,0
BRDA:188,44,1,0
BRDA:189,45,0,0
BRDA:189,45,1,0
BRF:100
BRH:0
end_of_record
TN:
SF:src/hooks/useMovies.ts
FN:27,useMovies
FN:42,(anonymous_1)
FN:54,(anonymous_2)
FN:64,(anonymous_3)
FN:82,(anonymous_4)
FN:101,normalizePageSize
FN:106,transformMovies
FN:107,(anonymous_7)
FN:114,(anonymous_8)
FN:122,uniqueById
FNF:10
FNH:0
FNDA:0,useMovies
FNDA:0,(anonymous_1)
FNDA:0,(anonymous_2)
FNDA:0,(anonymous_3)
FNDA:0,(anonymous_4)
FNDA:0,normalizePageSize
FNDA:0,transformMovies
FNDA:0,(anonymous_7)
FNDA:0,(anonymous_8)
FNDA:0,uniqueById
DA:6,0
DA:28,0
DA:29,0
DA:30,0
DA:32,0
DA:42,0
DA:43,0
DA:44,0
DA:45,0
DA:50,0
DA:54,0
DA:55,0
DA:57,0
DA:58,0
DA:59,0
DA:65,0
DA:66,0
DA:67,0
DA:70,0
DA:77,0
DA:82,0
DA:83,0
DA:84,0
DA:85,0
DA:86,0
DA:91,0
DA:102,0
DA:103,0
DA:107,0
DA:114,0
DA:123,0
DA:124,0
DA:125,0
DA:126,0
DA:127,0
DA:128,0
DA:130,0
LF:37
LH:0
BRDA:27,0,0,0
BRDA:55,1,0,0
BRDA:55,1,1,0
BRDA:55,2,0,0
BRDA:55,2,1,0
BRDA:65,3,0,0
BRDA:65,3,1,0
BRDA:66,4,0,0
BRDA:66,4,1,0
BRDA:83,5,0,0
BRDA:83,5,1,0
BRDA:85,6,0,0
BRDA:85,6,1,0
BRDA:102,7,0,0
BRDA:102,7,1,0
BRDA:111,8,0,0
BRDA:111,8,1,0
BRDA:112,9,0,0
BRDA:112,9,1,0
BRDA:113,10,0,0
BRDA:113,10,1,0
BRDA:114,11,0,0
BRDA:114,11,1,0
BRDA:115,12,0,0
BRDA:115,12,1,0
BRDA:116,13,0,0
BRDA:116,13,1,0
BRDA:117,14,0,0
BRDA:117,14,1,0
BRDA:118,15,0,0
BRDA:118,15,1,0
BRDA:118,16,0,0
BRDA:118,16,1,0
BRDA:126,17,0,0
BRDA:126,17,1,0
BRF:35
BRH:0
end_of_record
TN:
SF:src/lib/graphScore.ts
FN:37,capMediaCandidates
FN:40,(anonymous_1)
FN:48,scoreMediaFromUser
FN:57,(anonymous_3)
FN:57,(anonymous_4)
FN:61,scoreMediaFromRootMedia
FN:75,computeScores
FN:117,buildIndexes
FN:159,extractMediaFeatures
FN:163,(anonymous_9)
FN:169,(anonymous_10)
FN:175,(anonymous_11)
FN:181,(anonymous_12)
FN:182,(anonymous_13)
FN:183,(anonymous_14)
FN:184,(anonymous_15)
FN:185,(anonymous_16)
FN:186,(anonymous_17)
FN:187,(anonymous_18)
FN:188,(anonymous_19)
FN:189,(anonymous_20)
FN:190,(anonymous_21)
FN:192,(anonymous_22)
FN:193,(anonymous_23)
FN:194,(anonymous_24)
FN:199,normalizeValue
FN:204,dedupeMedia
FNF:27
FNH:15
FNDA:6,capMediaCandidates
FNDA:2522,(anonymous_1)
FNDA:6,scoreMediaFromUser
FNDA:5,(anonymous_3)
FNDA:5,(anonymous_4)
FNDA:3,scoreMediaFromRootMedia
FNDA:9,computeScores
FNDA:9,buildIndexes
FNDA:20,extractMediaFeatures
FNDA:19,(anonymous_9)
FNDA:0,(anonymous_10)
FNDA:3,(anonymous_11)
FNDA:19,(anonymous_12)
FNDA:0,(anonymous_13)
FNDA:0,(anonymous_14)
FNDA:0,(anonymous_15)
FNDA:0,(anonymous_16)
FNDA:0,(anonymous_17)
FNDA:0,(anonymous_18)
FNDA:0,(anonymous_19)
FNDA:0,(anonymous_20)
FNDA:0,(anonymous_21)
FNDA:0,(anonymous_22)
FNDA:3,(anonymous_23)
FNDA:0,(anonymous_24)
FNDA:22,normalizeValue
FNDA:9,dedupeMedia
DA:1,1
DA:2,1
DA:3,1
DA:38,6
DA:39,5
DA:41,2522
DA:42,2522
DA:43,3
DA:54,6
DA:55,6
DA:56,6
DA:57,6
DA:58,6
DA:67,3
DA:68,3
DA:69,3
DA:70,3
DA:71,3
DA:72,3
DA:81,9
DA:82,9
DA:83,9
DA:85,9
DA:86,9
DA:87,7
DA:90,9
DA:91,13
DA:92,13
DA:93,13
DA:95,13
DA:96,13
DA:97,13
DA:98,13
DA:101,13
DA:102,13
DA:103,13
DA:104,13
DA:105,13
DA:106,13
DA:107,7
DA:111,13
DA:114,9
DA:118,9
DA:119,9
DA:120,9
DA:122,9
DA:123,20
DA:124,20
DA:125,20
DA:126,20
DA:127,19
DA:128,19
DA:130,20
DA:131,3
DA:132,3
DA:136,9
DA:137,9
DA:138,20
DA:139,20
DA:140,19
DA:141,19
DA:142,19
DA:143,31
DA:146,20
DA:147,3
DA:148,3
DA:149,3
DA:150,5
DA:153,20
DA:156,9
DA:160,20
DA:161,20
DA:163,20
DA:164,19
DA:165,19
DA:166,19
DA:169,20
DA:170,0
DA:171,0
DA:172,0
DA:175,20
DA:176,3
DA:177,3
DA:178,3
DA:181,20
DA:182,20
DA:183,20
DA:184,20
DA:185,20
DA:186,20
DA:187,20
DA:188,20
DA:189,20
DA:190,20
DA:192,20
DA:193,20
DA:194,20
DA:196,20
DA:200,22
DA:201,22
DA:205,9
DA:206,9
DA:207,20
DA:208,20
DA:210,9
LF:105
LH:102
BRDA:37,0,0,1
BRDA:38,1,0,1
BRDA:38,1,1,5
BRDA:41,2,0,2522
BRDA:41,2,1,1
BRDA:41,3,0,2522
BRDA:41,3,1,0
BRDA:42,4,0,2519
BRDA:42,4,1,3
BRDA:43,5,0,3
BRDA:43,5,1,0
BRDA:43,6,0,3
BRDA:43,6,1,0
BRDA:54,7,0,5
BRDA:54,8,0,5
BRDA:67,9,0,3
BRDA:67,10,0,3
BRDA:71,11,0,3
BRDA:71,11,1,0
BRDA:71,12,0,3
BRDA:71,12,1,0
BRDA:87,13,0,7
BRDA:87,13,1,7
BRDA:90,14,0,22
BRDA:90,14,1,15
BRDA:96,15,0,0
BRDA:96,15,1,13
BRDA:98,16,0,13
BRDA:98,16,1,13
BRDA:104,17,0,0
BRDA:104,17,1,13
BRDA:106,18,0,6
BRDA:106,18,1,7
BRDA:107,19,0,7
BRDA:107,19,1,7
BRDA:127,20,0,13
BRDA:127,20,1,6
BRDA:131,21,0,2
BRDA:131,21,1,1
BRDA:141,22,0,0
BRDA:141,22,1,19
BRDA:143,23,0,12
BRDA:143,23,1,19
BRDA:148,24,0,0
BRDA:148,24,1,3
BRDA:150,25,0,2
BRDA:150,25,1,3
BRDA:165,26,0,0
BRDA:165,26,1,19
BRDA:171,27,0,0
BRDA:171,27,1,0
BRDA:175,28,0,3
BRDA:177,29,0,0
BRDA:177,29,1,3
BRDA:181,30,0,19
BRDA:181,30,1,0
BRDA:182,31,0,0
BRDA:182,31,1,0
BRDA:190,32,0,0
BRDA:190,32,1,0
BRDA:192,33,0,0
BRDA:192,33,1,0
BRDA:192,33,2,0
BRDA:193,34,0,3
BRDA:193,34,1,0
BRDA:193,34,2,0
BRDA:194,35,0,0
BRDA:194,35,1,0
BRDA:194,35,2,0
BRDA:200,36,0,0
BRDA:200,36,1,22
BRDA:207,37,0,0
BRDA:207,37,1,20
BRF:73
BRH:45
end_of_record
TN:
SF:src/pages/AccountPage.tsx
FN:18,AccountPage
FN:41,(anonymous_1)
FN:43,(anonymous_2)
FN:46,(anonymous_3)
FN:51,(anonymous_4)
FN:196,(anonymous_5)
FN:203,(anonymous_6)
FN:212,(anonymous_7)
FN:215,(anonymous_8)
FN:312,(anonymous_9)
FN:368,(anonymous_10)
FN:379,(anonymous_11)
FN:390,(anonymous_12)
FN:424,isValidUrl
FNF:14
FNH:0
FNDA:0,AccountPage
FNDA:0,(anonymous_1)
FNDA:0,(anonymous_2)
FNDA:0,(anonymous_3)
FNDA:0,(anonymous_4)
FNDA:0,(anonymous_5)
FNDA:0,(anonymous_6)
FNDA:0,(anonymous_7)
FNDA:0,(anonymous_8)
FNDA:0,(anonymous_9)
FNDA:0,(anonymous_10)
FNDA:0,(anonymous_11)
FNDA:0,(anonymous_12)
FNDA:0,isValidUrl
DA:19,0
DA:20,0
DA:21,0
DA:22,0
DA:23,0
DA:29,0
DA:30,0
DA:31,0
DA:32,0
DA:33,0
DA:34,0
DA:35,0
DA:36,0
DA:38,0
DA:41,0
DA:42,0
DA:43,0
DA:44,0
DA:46,0
DA:47,0
DA:51,0
DA:52,0
DA:53,0
DA:54,0
DA:55,0
DA:56,0
DA:57,0
DA:59,0
DA:60,0
DA:61,0
DA:62,0
DA:63,0
DA:66,0
DA:196,0
DA:197,0
DA:198,0
DA:199,0
DA:200,0
DA:203,0
DA:204,0
DA:205,0
DA:206,0
DA:207,0
DA:208,0
DA:209,0
DA:210,0
DA:211,0
DA:212,0
DA:215,0
DA:216,0
DA:217,0
DA:218,0
DA:219,0
DA:220,0
DA:221,0
DA:222,0
DA:224,0
DA:225,0
DA:226,0
DA:236,0
DA:237,0
DA:239,0
DA:240,0
DA:244,0
DA:313,0
DA:314,0
DA:368,0
DA:379,0
DA:390,0
DA:425,0
DA:426,0
DA:427,0
DA:429,0
LF:73
LH:0
BRDA:38,0,0,0
BRDA:38,0,1,0
BRDA:44,1,0,0
BRDA:44,1,1,0
BRDA:52,2,0,0
BRDA:52,2,1,0
BRDA:60,3,0,0
BRDA:60,3,1,0
BRDA:62,4,0,0
BRDA:62,4,1,0
BRDA:63,5,0,0
BRDA:63,5,1,0
BRDA:216,6,0,0
BRDA:216,6,1,0
BRDA:220,7,0,0
BRDA:220,7,1,0
BRDA:220,8,0,0
BRDA:220,8,1,0
BRDA:230,9,0,0
BRDA:230,9,1,0
BRDA:231,10,0,0
BRDA:231,10,1,0
BRDA:232,11,0,0
BRDA:232,11,1,0
BRDA:256,12,0,0
BRDA:256,12,1,0
BRDA:257,13,0,0
BRDA:257,13,1,0
BRDA:266,14,0,0
BRDA:266,14,1,0
BRDA:314,15,0,0
BRDA:314,15,1,0
BRDA:318,16,0,0
BRDA:318,16,1,0
BRDA:321,17,0,0
BRDA:321,17,1,0
BRDA:322,18,0,0
BRDA:322,18,1,0
BRDA:324,19,0,0
BRDA:324,19,1,0
BRDA:366,20,0,0
BRDA:366,20,1,0
BRDA:373,21,0,0
BRDA:373,21,1,0
BRDA:377,22,0,0
BRDA:377,22,1,0
BRDA:384,23,0,0
BRDA:384,23,1,0
BRDA:388,24,0,0
BRDA:388,24,1,0
BRDA:395,25,0,0
BRDA:395,25,1,0
BRDA:408,26,0,0
BRDA:408,26,1,0
BRDA:427,27,0,0
BRDA:427,27,1,0
BRF:56
BRH:0
end_of_record
TN:
SF:src/pages/AddMediaPage.tsx
FN:53,AddMediaPage
FN:67,(anonymous_1)
FN:103,(anonymous_2)
FN:112,(anonymous_3)
FN:112,(anonymous_4)
FN:116,(anonymous_5)
FN:128,(anonymous_6)
FN:148,(anonymous_7)
FN:151,(anonymous_8)
FN:295,(anonymous_9)
FN:299,(anonymous_10)
FN:322,(anonymous_11)
FN:338,(anonymous_12)
FN:345,(anonymous_13)
FNF:14
FNH:0
FNDA:0,AddMediaPage
FNDA:0,(anonymous_1)
FNDA:0,(anonymous_2)
FNDA:0,(anonymous_3)
FNDA:0,(anonymous_4)
FNDA:0,(anonymous_5)
FNDA:0,(anonymous_6)
FNDA:0,(anonymous_7)
FNDA:0,(anonymous_8)
FNDA:0,(anonymous_9)
FNDA:0,(anonymous_10)
FNDA:0,(anonymous_11)
FNDA:0,(anonymous_12)
FNDA:0,(anonymous_13)
DA:27,0
DA:54,0
DA:55,0
DA:57,0
DA:58,0
DA:59,0
DA:60,0
DA:61,0
DA:62,0
DA:63,0
DA:64,0
DA:65,0
DA:67,0
DA:68,0
DA:69,0
DA:70,0
DA:71,0
DA:73,0
DA:74,0
DA:75,0
DA:78,0
DA:91,0
DA:94,0
DA:95,0
DA:96,0
DA:97,0
DA:98,0
DA:99,0
DA:100,0
DA:103,0
DA:104,0
DA:105,0
DA:106,0
DA:107,0
DA:108,0
DA:109,0
DA:112,0
DA:113,0
DA:114,0
DA:116,0
DA:117,0
DA:118,0
DA:119,0
DA:121,0
DA:122,0
DA:123,0
DA:124,0
DA:127,0
DA:128,0
DA:129,0
DA:130,0
DA:138,0
DA:139,0
DA:141,0
DA:142,0
DA:144,0
DA:148,0
DA:151,0
DA:152,0
DA:153,0
DA:154,0
DA:156,0
DA:157,0
DA:158,0
DA:160,0
DA:161,0
DA:163,0
DA:164,0
DA:167,0
DA:281,0
DA:296,0
DA:299,0
DA:323,0
DA:324,0
DA:325,0
DA:326,0
DA:339,0
DA:345,0
LF:78
LH:0
BRDA:53,0,0,0
BRDA:68,1,0,0
BRDA:68,1,1,0
BRDA:69,2,0,0
BRDA:69,2,1,0
BRDA:73,3,0,0
BRDA:73,3,1,0
BRDA:82,4,0,0
BRDA:82,4,1,0
BRDA:117,5,0,0
BRDA:117,5,1,0
BRDA:121,6,0,0
BRDA:121,6,1,0
BRDA:121,7,0,0
BRDA:121,7,1,0
BRDA:121,7,2,0
BRDA:138,8,0,0
BRDA:138,8,1,0
BRDA:153,9,0,0
BRDA:153,9,1,0
BRDA:156,10,0,0
BRDA:156,10,1,0
BRDA:157,11,0,0
BRDA:157,11,1,0
BRDA:160,12,0,0
BRDA:160,12,1,0
BRDA:298,13,0,0
BRDA:298,13,1,0
BRDA:304,14,0,0
BRDA:304,14,1,0
BRDA:306,15,0,0
BRDA:306,15,1,0
BRDA:312,16,0,0
BRDA:312,16,1,0
BRDA:317,17,0,0
BRDA:317,17,1,0
BRDA:328,18,0,0
BRDA:328,18,1,0
BRDA:330,19,0,0
BRDA:330,19,1,0
BRDA:333,20,0,0
BRDA:333,20,1,0
BRDA:333,21,0,0
BRDA:333,21,1,0
BRDA:333,21,2,0
BRDA:336,22,0,0
BRDA:336,22,1,0
BRDA:336,23,0,0
BRDA:336,23,1,0
BRDA:343,24,0,0
BRDA:343,24,1,0
BRDA:349,25,0,0
BRDA:349,25,1,0
BRDA:351,26,0,0
BRDA:351,26,1,0
BRDA:372,27,0,0
BRDA:372,27,1,0
BRF:57
BRH:0
end_of_record
TN:
SF:src/pages/AuthPromptPage.tsx
FN:12,AuthPromptPage
FNF:1
FNH:0
FNDA:0,AuthPromptPage
DA:13,0
DA:15,0
DA:41,0
LF:3
LH:0
BRF:0
BRH:0
end_of_record
TN:
SF:src/pages/FriendsPage.tsx
FN:7,FriendsPage
FNF:1
FNH:0
FNDA:0,FriendsPage
DA:8,0
DA:10,0
DA:35,0
LF:3
LH:0
BRF:0
BRH:0
end_of_record
TN:
SF:src/pages/HistoryPage.tsx
FN:21,HistoryPage
FN:27,(anonymous_1)
FN:38,(anonymous_2)
FN:40,(anonymous_3)
FN:47,(anonymous_4)
FN:49,(anonymous_5)
FN:51,(anonymous_6)
FN:83,(anonymous_7)
FN:91,(anonymous_8)
FN:98,(anonymous_9)
FN:122,(anonymous_10)
FN:130,(anonymous_11)
FN:132,(anonymous_12)
FN:133,(anonymous_13)
FN:136,(anonymous_14)
FN:192,(anonymous_15)
FN:192,(anonymous_16)
FN:197,(anonymous_17)
FN:206,(anonymous_18)
FN:226,(anonymous_19)
FN:240,(anonymous_20)
FN:254,(anonymous_21)
FNF:22
FNH:0
FNDA:0,HistoryPage
FNDA:0,(anonymous_1)
FNDA:0,(anonymous_2)
FNDA:0,(anonymous_3)
FNDA:0,(anonymous_4)
FNDA:0,(anonymous_5)
FNDA:0,(anonymous_6)
FNDA:0,(anonymous_7)
FNDA:0,(anonymous_8)
FNDA:0,(anonymous_9)
FNDA:0,(anonymous_10)
FNDA:0,(anonymous_11)
FNDA:0,(anonymous_12)
FNDA:0,(anonymous_13)
FNDA:0,(anonymous_14)
FNDA:0,(anonymous_15)
FNDA:0,(anonymous_16)
FNDA:0,(anonymous_17)
FNDA:0,(anonymous_18)
FNDA:0,(anonymous_19)
FNDA:0,(anonymous_20)
FNDA:0,(anonymous_21)
DA:22,0
DA:23,0
DA:24,0
DA:25,0
DA:26,0
DA:27,0
DA:28,0
DA:33,0
DA:34,0
DA:35,0
DA:37,0
DA:38,0
DA:41,0
DA:48,0
DA:49,0
DA:51,0
DA:55,0
DA:83,0
DA:84,0
DA:85,0
DA:87,0
DA:88,0
DA:91,0
DA:92,0
DA:93,0
DA:94,0
DA:96,0
DA:98,0
DA:99,0
DA:100,0
DA:105,0
DA:106,0
DA:107,0
DA:108,0
DA:109,0
DA:110,0
DA:111,0
DA:119,0
DA:120,0
DA:122,0
DA:123,0
DA:124,0
DA:125,0
DA:130,0
DA:131,0
DA:132,0
DA:133,0
DA:136,0
DA:137,0
DA:140,0
DA:191,0
DA:192,0
DA:196,0
DA:198,0
DA:199,0
DA:201,0
DA:202,0
DA:207,0
DA:216,0
DA:217,0
DA:222,0
DA:226,0
DA:235,0
DA:240,0
DA:254,0
DA:255,0
DA:256,0
DA:257,0
LF:68
LH:0
BRDA:37,0,0,0
BRDA:37,0,1,0
BRDA:41,1,0,0
BRDA:41,1,1,0
BRDA:41,1,2,0
BRDA:41,1,3,0
BRDA:41,1,4,0
BRDA:48,2,0,0
BRDA:48,2,1,0
BRDA:50,3,0,0
BRDA:50,3,1,0
BRDA:52,4,0,0
BRDA:52,4,1,0
BRDA:57,5,0,0
BRDA:57,5,1,0
BRDA:59,6,0,0
BRDA:59,6,1,0
BRDA:60,7,0,0
BRDA:60,7,1,0
BRDA:61,8,0,0
BRDA:61,8,1,0
BRDA:63,9,0,0
BRDA:63,9,1,0
BRDA:66,10,0,0
BRDA:66,10,1,0
BRDA:69,11,0,0
BRDA:69,11,1,0
BRDA:71,12,0,0
BRDA:71,12,1,0
BRDA:73,13,0,0
BRDA:73,13,1,0
BRDA:75,14,0,0
BRDA:75,14,1,0
BRDA:77,15,0,0
BRDA:77,15,1,0
BRDA:79,16,0,0
BRDA:79,16,1,0
BRDA:84,17,0,0
BRDA:84,17,1,0
BRDA:84,18,0,0
BRDA:84,18,1,0
BRDA:87,19,0,0
BRDA:87,19,1,0
BRDA:92,20,0,0
BRDA:92,20,1,0
BRDA:93,21,0,0
BRDA:93,21,1,0
BRDA:94,22,0,0
BRDA:94,22,1,0
BRDA:106,23,0,0
BRDA:106,23,1,0
BRDA:106,24,0,0
BRDA:106,24,1,0
BRDA:110,25,0,0
BRDA:110,25,1,0
BRDA:124,26,0,0
BRDA:124,26,1,0
BRDA:131,27,0,0
BRDA:131,27,1,0
BRDA:198,28,0,0
BRDA:198,28,1,0
BRDA:216,29,0,0
BRDA:216,29,1,0
BRDA:217,30,0,0
BRDA:217,30,1,0
BRDA:223,31,0,0
BRDA:223,31,1,0
BRF:67
BRH:0
end_of_record
TN:
SF:src/pages/HomePage.tsx
FN:22,HomePage
FN:30,(anonymous_1)
FN:36,(anonymous_2)
FN:37,(anonymous_3)
FN:39,(anonymous_4)
FN:45,(anonymous_5)
FN:48,(anonymous_6)
FN:51,(anonymous_7)
FN:56,(anonymous_8)
FN:56,(anonymous_9)
FN:60,(anonymous_10)
FN:60,(anonymous_11)
FN:65,(anonymous_12)
FN:69,(anonymous_13)
FN:73,(anonymous_14)
FN:78,(anonymous_15)
FN:86,(anonymous_16)
FN:94,(anonymous_17)
FN:97,(anonymous_18)
FN:174,(anonymous_19)
FN:180,(anonymous_20)
FNF:21
FNH:0
FNDA:0,HomePage
FNDA:0,(anonymous_1)
FNDA:0,(anonymous_2)
FNDA:0,(anonymous_3)
FNDA:0,(anonymous_4)
FNDA:0,(anonymous_5)
FNDA:0,(anonymous_6)
FNDA:0,(anonymous_7)
FNDA:0,(anonymous_8)
FNDA:0,(anonymous_9)
FNDA:0,(anonymous_10)
FNDA:0,(anonymous_11)
FNDA:0,(anonymous_12)
FNDA:0,(anonymous_13)
FNDA:0,(anonymous_14)
FNDA:0,(anonymous_15)
FNDA:0,(anonymous_16)
FNDA:0,(anonymous_17)
FNDA:0,(anonymous_18)
FNDA:0,(anonymous_19)
FNDA:0,(anonymous_20)
DA:23,0
DA:24,0
DA:25,0
DA:26,0
DA:27,0
DA:28,0
DA:30,0
DA:31,0
DA:32,0
DA:33,0
DA:36,0
DA:37,0
DA:39,0
DA:40,0
DA:41,0
DA:45,0
DA:46,0
DA:47,0
DA:48,0
DA:51,0
DA:52,0
DA:55,0
DA:56,0
DA:59,0
DA:60,0
DA:64,0
DA:65,0
DA:69,0
DA:70,0
DA:71,0
DA:73,0
DA:77,0
DA:79,0
DA:80,0
DA:82,0
DA:86,0
DA:94,0
DA:96,0
DA:97,0
DA:102,0
DA:160,0
DA:174,0
DA:175,0
DA:176,0
DA:177,0
DA:180,0
DA:181,0
LF:47
LH:0
BRDA:40,0,0,0
BRDA:40,0,1,0
BRDA:48,1,0,0
BRDA:48,1,1,0
BRDA:70,2,0,0
BRDA:70,2,1,0
BRDA:70,3,0,0
BRDA:70,3,1,0
BRDA:79,4,0,0
BRDA:79,4,1,0
BRDA:102,5,0,0
BRDA:102,5,1,0
BRDA:102,6,0,0
BRDA:102,6,1,0
BRDA:163,7,0,0
BRDA:163,7,1,0
BRF:16
BRH:0
end_of_record
